{"C:\\Users\\user\\CascadeProjects\\Event-Locator-App---Backend\\src\\app.js": {"path":"C:\\Users\\user\\CascadeProjects\\Event-Locator-App---Backend\\src\\app.js","statementMap":{"0":{"start":{"line":1,"column":0},"end":{"line":1,"column":27}},"1":{"start":{"line":2,"column":16},"end":{"line":2,"column":34}},"2":{"start":{"line":3,"column":13},"end":{"line":3,"column":28}},"3":{"start":{"line":4,"column":13},"end":{"line":4,"column":28}},"4":{"start":{"line":5,"column":11},"end":{"line":5,"column":24}},"5":{"start":{"line":6,"column":25},"end":{"line":6,"column":61}},"6":{"start":{"line":7,"column":23},"end":{"line":7,"column":62}},"7":{"start":{"line":8,"column":26},"end":{"line":8,"column":67}},"8":{"start":{"line":9,"column":24},"end":{"line":9,"column":51}},"9":{"start":{"line":10,"column":15},"end":{"line":10,"column":41}},"10":{"start":{"line":11,"column":11},"end":{"line":11,"column":39}},"11":{"start":{"line":13,"column":12},"end":{"line":13,"column":21}},"12":{"start":{"line":16,"column":0},"end":{"line":26,"column":5}},"13":{"start":{"line":18,"column":4},"end":{"line":22,"column":5}},"14":{"start":{"line":19,"column":6},"end":{"line":19,"column":52}},"15":{"start":{"line":21,"column":6},"end":{"line":21,"column":52}},"16":{"start":{"line":25,"column":4},"end":{"line":25,"column":60}},"17":{"start":{"line":29,"column":0},"end":{"line":29,"column":16}},"18":{"start":{"line":30,"column":0},"end":{"line":30,"column":24}},"19":{"start":{"line":31,"column":0},"end":{"line":31,"column":24}},"20":{"start":{"line":32,"column":0},"end":{"line":32,"column":27}},"21":{"start":{"line":35,"column":0},"end":{"line":42,"column":3}},"22":{"start":{"line":36,"column":2},"end":{"line":40,"column":5}},"23":{"start":{"line":41,"column":2},"end":{"line":41,"column":9}},"24":{"start":{"line":45,"column":0},"end":{"line":57,"column":3}},"25":{"start":{"line":46,"column":22},"end":{"line":46,"column":66}},"26":{"start":{"line":47,"column":4},"end":{"line":56,"column":7}},"27":{"start":{"line":48,"column":8},"end":{"line":51,"column":9}},"28":{"start":{"line":49,"column":12},"end":{"line":49,"column":59}},"29":{"start":{"line":50,"column":12},"end":{"line":50,"column":62}},"30":{"start":{"line":54,"column":21},"end":{"line":54,"column":88}},"31":{"start":{"line":55,"column":8},"end":{"line":55,"column":23}},"32":{"start":{"line":59,"column":0},"end":{"line":59,"column":56}},"33":{"start":{"line":62,"column":0},"end":{"line":62,"column":54}},"34":{"start":{"line":63,"column":0},"end":{"line":63,"column":57}},"35":{"start":{"line":64,"column":0},"end":{"line":64,"column":55}},"36":{"start":{"line":65,"column":0},"end":{"line":65,"column":64}},"37":{"start":{"line":66,"column":0},"end":{"line":66,"column":71}},"38":{"start":{"line":69,"column":0},"end":{"line":84,"column":3}},"39":{"start":{"line":70,"column":2},"end":{"line":83,"column":3}},"40":{"start":{"line":71,"column":21},"end":{"line":71,"column":46}},"41":{"start":{"line":72,"column":4},"end":{"line":77,"column":7}},"42":{"start":{"line":79,"column":4},"end":{"line":82,"column":7}},"43":{"start":{"line":87,"column":0},"end":{"line":87,"column":17}},"44":{"start":{"line":90,"column":0},"end":{"line":92,"column":3}},"45":{"start":{"line":91,"column":2},"end":{"line":91,"column":58}},"46":{"start":{"line":95,"column":0},"end":{"line":95,"column":22}},"47":{"start":{"line":98,"column":0},"end":{"line":106,"column":1}},"48":{"start":{"line":99,"column":15},"end":{"line":99,"column":39}},"49":{"start":{"line":100,"column":2},"end":{"line":105,"column":5}},"50":{"start":{"line":101,"column":4},"end":{"line":101,"column":50}},"51":{"start":{"line":102,"column":4},"end":{"line":102,"column":84}},"52":{"start":{"line":103,"column":4},"end":{"line":103,"column":50}},"53":{"start":{"line":104,"column":4},"end":{"line":104,"column":84}},"54":{"start":{"line":108,"column":0},"end":{"line":108,"column":21}}},"fnMap":{"0":{"name":"(anonymous_0)","decl":{"start":{"line":17,"column":8},"end":{"line":17,"column":9}},"loc":{"start":{"line":17,"column":21},"end":{"line":23,"column":3}},"line":17},"1":{"name":"(anonymous_1)","decl":{"start":{"line":24,"column":9},"end":{"line":24,"column":10}},"loc":{"start":{"line":24,"column":16},"end":{"line":26,"column":3}},"line":24},"2":{"name":"(anonymous_2)","decl":{"start":{"line":35,"column":8},"end":{"line":35,"column":9}},"loc":{"start":{"line":35,"column":28},"end":{"line":42,"column":1}},"line":35},"3":{"name":"(anonymous_3)","decl":{"start":{"line":45,"column":13},"end":{"line":45,"column":14}},"loc":{"start":{"line":45,"column":27},"end":{"line":57,"column":1}},"line":45},"4":{"name":"(anonymous_4)","decl":{"start":{"line":47,"column":35},"end":{"line":47,"column":36}},"loc":{"start":{"line":47,"column":50},"end":{"line":56,"column":5}},"line":47},"5":{"name":"(anonymous_5)","decl":{"start":{"line":69,"column":23},"end":{"line":69,"column":24}},"loc":{"start":{"line":69,"column":43},"end":{"line":84,"column":1}},"line":69},"6":{"name":"(anonymous_6)","decl":{"start":{"line":90,"column":13},"end":{"line":90,"column":14}},"loc":{"start":{"line":90,"column":27},"end":{"line":92,"column":1}},"line":90},"7":{"name":"(anonymous_7)","decl":{"start":{"line":100,"column":19},"end":{"line":100,"column":20}},"loc":{"start":{"line":100,"column":25},"end":{"line":105,"column":3}},"line":100}},"branchMap":{"0":{"loc":{"start":{"line":18,"column":4},"end":{"line":22,"column":5}},"type":"if","locations":[{"start":{"line":18,"column":4},"end":{"line":22,"column":5}},{"start":{"line":20,"column":11},"end":{"line":22,"column":5}}],"line":18},"1":{"loc":{"start":{"line":39,"column":16},"end":{"line":39,"column":69}},"type":"cond-expr","locations":[{"start":{"line":39,"column":44},"end":{"line":39,"column":53}},{"start":{"line":39,"column":56},"end":{"line":39,"column":69}}],"line":39},"2":{"loc":{"start":{"line":48,"column":8},"end":{"line":51,"column":9}},"type":"if","locations":[{"start":{"line":48,"column":8},"end":{"line":51,"column":9}},{"start":{},"end":{}}],"line":48},"3":{"loc":{"start":{"line":54,"column":50},"end":{"line":54,"column":87}},"type":"binary-expr","locations":[{"start":{"line":54,"column":50},"end":{"line":54,"column":81}},{"start":{"line":54,"column":85},"end":{"line":54,"column":87}}],"line":54},"4":{"loc":{"start":{"line":75,"column":16},"end":{"line":75,"column":55}},"type":"cond-expr","locations":[{"start":{"line":75,"column":27},"end":{"line":75,"column":38}},{"start":{"line":75,"column":41},"end":{"line":75,"column":55}}],"line":75},"5":{"loc":{"start":{"line":98,"column":0},"end":{"line":106,"column":1}},"type":"if","locations":[{"start":{"line":98,"column":0},"end":{"line":106,"column":1}},{"start":{},"end":{}}],"line":98},"6":{"loc":{"start":{"line":99,"column":15},"end":{"line":99,"column":39}},"type":"binary-expr","locations":[{"start":{"line":99,"column":15},"end":{"line":99,"column":31}},{"start":{"line":99,"column":35},"end":{"line":99,"column":39}}],"line":99}},"s":{"0":11,"1":11,"2":11,"3":11,"4":11,"5":11,"6":11,"7":11,"8":11,"9":11,"10":11,"11":11,"12":11,"13":11,"14":11,"15":0,"16":0,"17":11,"18":11,"19":11,"20":11,"21":11,"22":87,"23":87,"24":11,"25":0,"26":0,"27":0,"28":0,"29":0,"30":0,"31":0,"32":11,"33":11,"34":11,"35":11,"36":11,"37":11,"38":11,"39":0,"40":0,"41":0,"42":0,"43":11,"44":11,"45":0,"46":11,"47":11,"48":0,"49":0,"50":0,"51":0,"52":0,"53":0,"54":11},"f":{"0":11,"1":0,"2":87,"3":0,"4":0,"5":0,"6":0,"7":0},"b":{"0":[11,0],"1":[48,39],"2":[0,0],"3":[0,0],"4":[0,0],"5":[0,11],"6":[0,0]},"_coverageSchema":"1a1c01bbd47fc00a2c39e90264f33305004495a9","hash":"2032b691eb3215c93dec27df92ae21c8305489a9"}
,"C:\\Users\\user\\CascadeProjects\\Event-Locator-App---Backend\\src\\config\\database.js": {"path":"C:\\Users\\user\\CascadeProjects\\Event-Locator-App---Backend\\src\\config\\database.js","statementMap":{"0":{"start":{"line":1,"column":17},"end":{"line":1,"column":30}},"1":{"start":{"line":2,"column":15},"end":{"line":2,"column":34}},"2":{"start":{"line":5,"column":19},"end":{"line":5,"column":91}},"3":{"start":{"line":8,"column":0},"end":{"line":17,"column":1}},"4":{"start":{"line":9,"column":2},"end":{"line":16,"column":5}},"5":{"start":{"line":19,"column":13},"end":{"line":29,"column":2}},"6":{"start":{"line":32,"column":0},"end":{"line":34,"column":3}},"7":{"start":{"line":33,"column":2},"end":{"line":33,"column":55}},"8":{"start":{"line":36,"column":0},"end":{"line":46,"column":3}},"9":{"start":{"line":37,"column":2},"end":{"line":37,"column":52}},"10":{"start":{"line":39,"column":2},"end":{"line":45,"column":5}},"11":{"start":{"line":40,"column":4},"end":{"line":44,"column":5}},"12":{"start":{"line":41,"column":6},"end":{"line":41,"column":69}},"13":{"start":{"line":43,"column":6},"end":{"line":43,"column":52}},"14":{"start":{"line":49,"column":23},"end":{"line":70,"column":1}},"15":{"start":{"line":51,"column":2},"end":{"line":69,"column":3}},"16":{"start":{"line":52,"column":4},"end":{"line":52,"column":34}},"17":{"start":{"line":55,"column":24},"end":{"line":55,"column":70}},"18":{"start":{"line":56,"column":4},"end":{"line":60,"column":5}},"19":{"start":{"line":57,"column":6},"end":{"line":57,"column":104}},"20":{"start":{"line":59,"column":6},"end":{"line":59,"column":71}},"21":{"start":{"line":62,"column":4},"end":{"line":62,"column":97}},"22":{"start":{"line":63,"column":4},"end":{"line":63,"column":16}},"23":{"start":{"line":65,"column":4},"end":{"line":65,"column":65}},"24":{"start":{"line":66,"column":4},"end":{"line":66,"column":17}},"25":{"start":{"line":68,"column":4},"end":{"line":68,"column":33}},"26":{"start":{"line":68,"column":16},"end":{"line":68,"column":33}},"27":{"start":{"line":73,"column":14},"end":{"line":92,"column":1}},"28":{"start":{"line":74,"column":16},"end":{"line":74,"column":26}},"29":{"start":{"line":75,"column":2},"end":{"line":91,"column":3}},"30":{"start":{"line":76,"column":19},"end":{"line":76,"column":49}},"31":{"start":{"line":77,"column":21},"end":{"line":77,"column":39}},"32":{"start":{"line":79,"column":4},"end":{"line":81,"column":5}},"33":{"start":{"line":80,"column":6},"end":{"line":80,"column":57}},"34":{"start":{"line":83,"column":4},"end":{"line":83,"column":18}},"35":{"start":{"line":85,"column":4},"end":{"line":89,"column":7}},"36":{"start":{"line":90,"column":4},"end":{"line":90,"column":16}},"37":{"start":{"line":94,"column":0},"end":{"line":99,"column":2}},"38":{"start":{"line":96,"column":13},"end":{"line":96,"column":23}},"39":{"start":{"line":97,"column":19},"end":{"line":97,"column":33}}},"fnMap":{"0":{"name":"(anonymous_0)","decl":{"start":{"line":32,"column":17},"end":{"line":32,"column":18}},"loc":{"start":{"line":32,"column":26},"end":{"line":34,"column":1}},"line":32},"1":{"name":"(anonymous_1)","decl":{"start":{"line":36,"column":19},"end":{"line":36,"column":20}},"loc":{"start":{"line":36,"column":31},"end":{"line":46,"column":1}},"line":36},"2":{"name":"(anonymous_2)","decl":{"start":{"line":39,"column":57},"end":{"line":39,"column":58}},"loc":{"start":{"line":39,"column":66},"end":{"line":45,"column":3}},"line":39},"3":{"name":"(anonymous_3)","decl":{"start":{"line":49,"column":23},"end":{"line":49,"column":24}},"loc":{"start":{"line":49,"column":35},"end":{"line":70,"column":1}},"line":49},"4":{"name":"(anonymous_4)","decl":{"start":{"line":73,"column":14},"end":{"line":73,"column":15}},"loc":{"start":{"line":73,"column":38},"end":{"line":92,"column":1}},"line":73},"5":{"name":"(anonymous_5)","decl":{"start":{"line":96,"column":7},"end":{"line":96,"column":8}},"loc":{"start":{"line":96,"column":13},"end":{"line":96,"column":23}},"line":96},"6":{"name":"(anonymous_6)","decl":{"start":{"line":97,"column":13},"end":{"line":97,"column":14}},"loc":{"start":{"line":97,"column":19},"end":{"line":97,"column":33}},"line":97}},"branchMap":{"0":{"loc":{"start":{"line":5,"column":19},"end":{"line":5,"column":91}},"type":"cond-expr","locations":[{"start":{"line":5,"column":45},"end":{"line":5,"column":76}},{"start":{"line":5,"column":79},"end":{"line":5,"column":91}}],"line":5},"1":{"loc":{"start":{"line":8,"column":0},"end":{"line":17,"column":1}},"type":"if","locations":[{"start":{"line":8,"column":0},"end":{"line":17,"column":1}},{"start":{},"end":{}}],"line":8},"2":{"loc":{"start":{"line":10,"column":10},"end":{"line":10,"column":44}},"type":"binary-expr","locations":[{"start":{"line":10,"column":10},"end":{"line":10,"column":29}},{"start":{"line":10,"column":33},"end":{"line":10,"column":44}}],"line":10},"3":{"loc":{"start":{"line":11,"column":10},"end":{"line":11,"column":37}},"type":"binary-expr","locations":[{"start":{"line":11,"column":10},"end":{"line":11,"column":29}},{"start":{"line":11,"column":33},"end":{"line":11,"column":37}}],"line":11},"4":{"loc":{"start":{"line":12,"column":14},"end":{"line":12,"column":52}},"type":"binary-expr","locations":[{"start":{"line":12,"column":14},"end":{"line":12,"column":33}},{"start":{"line":12,"column":37},"end":{"line":12,"column":52}}],"line":12},"5":{"loc":{"start":{"line":13,"column":10},"end":{"line":13,"column":43}},"type":"binary-expr","locations":[{"start":{"line":13,"column":10},"end":{"line":13,"column":29}},{"start":{"line":13,"column":33},"end":{"line":13,"column":43}}],"line":13},"6":{"loc":{"start":{"line":20,"column":8},"end":{"line":20,"column":42}},"type":"binary-expr","locations":[{"start":{"line":20,"column":8},"end":{"line":20,"column":27}},{"start":{"line":20,"column":31},"end":{"line":20,"column":42}}],"line":20},"7":{"loc":{"start":{"line":21,"column":8},"end":{"line":21,"column":35}},"type":"binary-expr","locations":[{"start":{"line":21,"column":8},"end":{"line":21,"column":27}},{"start":{"line":21,"column":31},"end":{"line":21,"column":35}}],"line":21},"8":{"loc":{"start":{"line":22,"column":12},"end":{"line":22,"column":50}},"type":"binary-expr","locations":[{"start":{"line":22,"column":12},"end":{"line":22,"column":31}},{"start":{"line":22,"column":35},"end":{"line":22,"column":50}}],"line":22},"9":{"loc":{"start":{"line":23,"column":8},"end":{"line":23,"column":41}},"type":"binary-expr","locations":[{"start":{"line":23,"column":8},"end":{"line":23,"column":27}},{"start":{"line":23,"column":31},"end":{"line":23,"column":41}}],"line":23},"10":{"loc":{"start":{"line":40,"column":4},"end":{"line":44,"column":5}},"type":"if","locations":[{"start":{"line":40,"column":4},"end":{"line":44,"column":5}},{"start":{"line":42,"column":11},"end":{"line":44,"column":5}}],"line":40},"11":{"loc":{"start":{"line":56,"column":4},"end":{"line":60,"column":5}},"type":"if","locations":[{"start":{"line":56,"column":4},"end":{"line":60,"column":5}},{"start":{"line":58,"column":11},"end":{"line":60,"column":5}}],"line":56},"12":{"loc":{"start":{"line":56,"column":8},"end":{"line":56,"column":55}},"type":"binary-expr","locations":[{"start":{"line":56,"column":8},"end":{"line":56,"column":24}},{"start":{"line":56,"column":28},"end":{"line":56,"column":55}}],"line":56},"13":{"loc":{"start":{"line":62,"column":55},"end":{"line":62,"column":93}},"type":"binary-expr","locations":[{"start":{"line":62,"column":55},"end":{"line":62,"column":74}},{"start":{"line":62,"column":78},"end":{"line":62,"column":93}}],"line":62},"14":{"loc":{"start":{"line":68,"column":4},"end":{"line":68,"column":33}},"type":"if","locations":[{"start":{"line":68,"column":4},"end":{"line":68,"column":33}},{"start":{},"end":{}}],"line":68},"15":{"loc":{"start":{"line":79,"column":4},"end":{"line":81,"column":5}},"type":"if","locations":[{"start":{"line":79,"column":4},"end":{"line":81,"column":5}},{"start":{},"end":{}}],"line":79},"16":{"loc":{"start":{"line":79,"column":8},"end":{"line":79,"column":64}},"type":"binary-expr","locations":[{"start":{"line":79,"column":8},"end":{"line":79,"column":46}},{"start":{"line":79,"column":50},"end":{"line":79,"column":64}}],"line":79}},"s":{"0":11,"1":11,"2":11,"3":11,"4":0,"5":11,"6":11,"7":0,"8":11,"9":32,"10":32,"11":32,"12":0,"13":32,"14":11,"15":11,"16":11,"17":11,"18":11,"19":11,"20":0,"21":11,"22":11,"23":0,"24":0,"25":11,"26":11,"27":11,"28":292,"29":292,"30":292,"31":272,"32":272,"33":0,"34":272,"35":20,"36":20,"37":11,"38":5,"39":0},"f":{"0":0,"1":32,"2":32,"3":11,"4":292,"5":5,"6":0},"b":{"0":[11,0],"1":[0,11],"2":[0,0],"3":[0,0],"4":[0,0],"5":[0,0],"6":[11,0],"7":[11,0],"8":[11,0],"9":[11,0],"10":[0,32],"11":[11,0],"12":[11,11],"13":[11,0],"14":[11,0],"15":[0,272],"16":[272,0]},"_coverageSchema":"1a1c01bbd47fc00a2c39e90264f33305004495a9","hash":"8bae735bd554b2e4a6cba3877920966e485f5a28"}
,"C:\\Users\\user\\CascadeProjects\\Event-Locator-App---Backend\\src\\config\\i18n.js": {"path":"C:\\Users\\user\\CascadeProjects\\Event-Locator-App---Backend\\src\\config\\i18n.js","statementMap":{"0":{"start":{"line":1,"column":16},"end":{"line":1,"column":34}},"1":{"start":{"line":2,"column":16},"end":{"line":2,"column":45}},"2":{"start":{"line":3,"column":13},"end":{"line":3,"column":28}},"3":{"start":{"line":5,"column":0},"end":{"line":18,"column":5}},"4":{"start":{"line":20,"column":0},"end":{"line":20,"column":25}}},"fnMap":{},"branchMap":{"0":{"loc":{"start":{"line":8,"column":17},"end":{"line":8,"column":53}},"type":"binary-expr","locations":[{"start":{"line":8,"column":17},"end":{"line":8,"column":45}},{"start":{"line":8,"column":49},"end":{"line":8,"column":53}}],"line":8}},"s":{"0":0,"1":0,"2":0,"3":0,"4":0},"f":{},"b":{"0":[0,0]}}
,"C:\\Users\\user\\CascadeProjects\\Event-Locator-App---Backend\\src\\config\\redis.js": {"path":"C:\\Users\\user\\CascadeProjects\\Event-Locator-App---Backend\\src\\config\\redis.js","statementMap":{"0":{"start":{"line":1,"column":14},"end":{"line":1,"column":30}},"1":{"start":{"line":2,"column":22},"end":{"line":2,"column":37}},"2":{"start":{"line":5,"column":0},"end":{"line":99,"column":1}},"3":{"start":{"line":6,"column":21},"end":{"line":17,"column":3}},"4":{"start":{"line":11,"column":22},"end":{"line":16,"column":5}},"5":{"start":{"line":19,"column":2},"end":{"line":19,"column":30}},"6":{"start":{"line":22,"column":22},"end":{"line":40,"column":4}},"7":{"start":{"line":26,"column":6},"end":{"line":30,"column":7}},"8":{"start":{"line":28,"column":8},"end":{"line":28,"column":73}},"9":{"start":{"line":29,"column":8},"end":{"line":29,"column":21}},"10":{"start":{"line":31,"column":6},"end":{"line":35,"column":7}},"11":{"start":{"line":33,"column":8},"end":{"line":33,"column":75}},"12":{"start":{"line":34,"column":8},"end":{"line":34,"column":21}},"13":{"start":{"line":37,"column":6},"end":{"line":37,"column":51}},"14":{"start":{"line":43,"column":23},"end":{"line":43,"column":71}},"15":{"start":{"line":45,"column":2},"end":{"line":48,"column":5}},"16":{"start":{"line":46,"column":4},"end":{"line":46,"column":53}},"17":{"start":{"line":50,"column":2},"end":{"line":52,"column":5}},"18":{"start":{"line":51,"column":4},"end":{"line":51,"column":55}},"19":{"start":{"line":55,"column":25},"end":{"line":74,"column":3}},"20":{"start":{"line":57,"column":6},"end":{"line":57,"column":86}},"21":{"start":{"line":58,"column":6},"end":{"line":58,"column":31}},"22":{"start":{"line":61,"column":6},"end":{"line":61,"column":77}},"23":{"start":{"line":62,"column":6},"end":{"line":62,"column":31}},"24":{"start":{"line":65,"column":6},"end":{"line":65,"column":85}},"25":{"start":{"line":66,"column":6},"end":{"line":66,"column":28}},"26":{"start":{"line":69,"column":6},"end":{"line":69,"column":65}},"27":{"start":{"line":70,"column":6},"end":{"line":70,"column":31}},"28":{"start":{"line":72,"column":21},"end":{"line":72,"column":35}},"29":{"start":{"line":77,"column":25},"end":{"line":95,"column":3}},"30":{"start":{"line":79,"column":6},"end":{"line":88,"column":7}},"31":{"start":{"line":80,"column":8},"end":{"line":84,"column":9}},"32":{"start":{"line":81,"column":10},"end":{"line":81,"column":54}},"33":{"start":{"line":83,"column":10},"end":{"line":83,"column":64}},"34":{"start":{"line":86,"column":8},"end":{"line":86,"column":60}},"35":{"start":{"line":87,"column":8},"end":{"line":87,"column":56}},"36":{"start":{"line":98,"column":2},"end":{"line":98,"column":34}}},"fnMap":{"0":{"name":"(anonymous_0)","decl":{"start":{"line":11,"column":15},"end":{"line":11,"column":16}},"loc":{"start":{"line":11,"column":22},"end":{"line":16,"column":5}},"line":11},"1":{"name":"(anonymous_1)","decl":{"start":{"line":25,"column":20},"end":{"line":25,"column":21}},"loc":{"start":{"line":25,"column":38},"end":{"line":38,"column":5}},"line":25},"2":{"name":"(anonymous_2)","decl":{"start":{"line":45,"column":26},"end":{"line":45,"column":27}},"loc":{"start":{"line":45,"column":35},"end":{"line":48,"column":3}},"line":45},"3":{"name":"(anonymous_3)","decl":{"start":{"line":50,"column":28},"end":{"line":50,"column":29}},"loc":{"start":{"line":50,"column":34},"end":{"line":52,"column":3}},"line":50},"4":{"name":"(anonymous_4)","decl":{"start":{"line":56,"column":13},"end":{"line":56,"column":14}},"loc":{"start":{"line":56,"column":41},"end":{"line":59,"column":5}},"line":56},"5":{"name":"(anonymous_5)","decl":{"start":{"line":60,"column":15},"end":{"line":60,"column":16}},"loc":{"start":{"line":60,"column":38},"end":{"line":63,"column":5}},"line":60},"6":{"name":"(anonymous_6)","decl":{"start":{"line":64,"column":8},"end":{"line":64,"column":9}},"loc":{"start":{"line":64,"column":29},"end":{"line":67,"column":5}},"line":64},"7":{"name":"(anonymous_7)","decl":{"start":{"line":68,"column":10},"end":{"line":68,"column":11}},"loc":{"start":{"line":68,"column":16},"end":{"line":71,"column":5}},"line":68},"8":{"name":"(anonymous_8)","decl":{"start":{"line":72,"column":15},"end":{"line":72,"column":16}},"loc":{"start":{"line":72,"column":21},"end":{"line":72,"column":35}},"line":72},"9":{"name":"(anonymous_9)","decl":{"start":{"line":78,"column":13},"end":{"line":78,"column":14}},"loc":{"start":{"line":78,"column":41},"end":{"line":89,"column":5}},"line":78}},"branchMap":{"0":{"loc":{"start":{"line":5,"column":0},"end":{"line":99,"column":1}},"type":"if","locations":[{"start":{"line":5,"column":0},"end":{"line":99,"column":1}},{"start":{"line":20,"column":7},"end":{"line":99,"column":1}}],"line":5},"1":{"loc":{"start":{"line":23,"column":10},"end":{"line":23,"column":47}},"type":"binary-expr","locations":[{"start":{"line":23,"column":10},"end":{"line":23,"column":32}},{"start":{"line":23,"column":36},"end":{"line":23,"column":47}}],"line":23},"2":{"loc":{"start":{"line":24,"column":10},"end":{"line":24,"column":40}},"type":"binary-expr","locations":[{"start":{"line":24,"column":10},"end":{"line":24,"column":32}},{"start":{"line":24,"column":36},"end":{"line":24,"column":40}}],"line":24},"3":{"loc":{"start":{"line":26,"column":6},"end":{"line":30,"column":7}},"type":"if","locations":[{"start":{"line":26,"column":6},"end":{"line":30,"column":7}},{"start":{},"end":{}}],"line":26},"4":{"loc":{"start":{"line":26,"column":10},"end":{"line":26,"column":64}},"type":"binary-expr","locations":[{"start":{"line":26,"column":10},"end":{"line":26,"column":23}},{"start":{"line":26,"column":27},"end":{"line":26,"column":64}}],"line":26},"5":{"loc":{"start":{"line":31,"column":6},"end":{"line":35,"column":7}},"type":"if","locations":[{"start":{"line":31,"column":6},"end":{"line":35,"column":7}},{"start":{},"end":{}}],"line":31},"6":{"loc":{"start":{"line":80,"column":8},"end":{"line":84,"column":9}},"type":"if","locations":[{"start":{"line":80,"column":8},"end":{"line":84,"column":9}},{"start":{"line":82,"column":15},"end":{"line":84,"column":9}}],"line":80},"7":{"loc":{"start":{"line":90,"column":15},"end":{"line":90,"column":105}},"type":"cond-expr","locations":[{"start":{"line":90,"column":39},"end":{"line":90,"column":78}},{"start":{"line":90,"column":81},"end":{"line":90,"column":105}}],"line":90},"8":{"loc":{"start":{"line":91,"column":8},"end":{"line":91,"column":84}},"type":"cond-expr","locations":[{"start":{"line":91,"column":32},"end":{"line":91,"column":64}},{"start":{"line":91,"column":67},"end":{"line":91,"column":84}}],"line":91},"9":{"loc":{"start":{"line":92,"column":10},"end":{"line":92,"column":90}},"type":"cond-expr","locations":[{"start":{"line":92,"column":34},"end":{"line":92,"column":68}},{"start":{"line":92,"column":71},"end":{"line":92,"column":90}}],"line":92},"10":{"loc":{"start":{"line":93,"column":15},"end":{"line":93,"column":105}},"type":"cond-expr","locations":[{"start":{"line":93,"column":39},"end":{"line":93,"column":78}},{"start":{"line":93,"column":81},"end":{"line":93,"column":105}}],"line":93}},"s":{"0":0,"1":0,"2":0,"3":0,"4":0,"5":0,"6":0,"7":0,"8":0,"9":0,"10":0,"11":0,"12":0,"13":0,"14":0,"15":0,"16":0,"17":0,"18":0,"19":0,"20":0,"21":0,"22":0,"23":0,"24":0,"25":0,"26":0,"27":0,"28":0,"29":0,"30":0,"31":0,"32":0,"33":0,"34":0,"35":0,"36":0},"f":{"0":0,"1":0,"2":0,"3":0,"4":0,"5":0,"6":0,"7":0,"8":0,"9":0},"b":{"0":[0,0],"1":[0,0],"2":[0,0],"3":[0,0],"4":[0,0],"5":[0,0],"6":[0,0],"7":[0,0],"8":[0,0],"9":[0,0],"10":[0,0]}}
,"C:\\Users\\user\\CascadeProjects\\Event-Locator-App---Backend\\src\\config\\swagger.js": {"path":"C:\\Users\\user\\CascadeProjects\\Event-Locator-App---Backend\\src\\config\\swagger.js","statementMap":{"0":{"start":{"line":4,"column":21},"end":{"line":4,"column":45}},"1":{"start":{"line":5,"column":18},"end":{"line":5,"column":47}},"2":{"start":{"line":8,"column":23},"end":{"line":51,"column":1}},"3":{"start":{"line":53,"column":20},"end":{"line":53,"column":48}},"4":{"start":{"line":55,"column":20},"end":{"line":66,"column":1}},"5":{"start":{"line":57,"column":2},"end":{"line":57,"column":70}},"6":{"start":{"line":60,"column":2},"end":{"line":63,"column":5}},"7":{"start":{"line":61,"column":4},"end":{"line":61,"column":54}},"8":{"start":{"line":62,"column":4},"end":{"line":62,"column":26}},"9":{"start":{"line":65,"column":2},"end":{"line":65,"column":69}},"10":{"start":{"line":68,"column":0},"end":{"line":68,"column":33}}},"fnMap":{"0":{"name":"(anonymous_0)","decl":{"start":{"line":55,"column":20},"end":{"line":55,"column":21}},"loc":{"start":{"line":55,"column":29},"end":{"line":66,"column":1}},"line":55},"1":{"name":"(anonymous_1)","decl":{"start":{"line":60,"column":28},"end":{"line":60,"column":29}},"loc":{"start":{"line":60,"column":42},"end":{"line":63,"column":3}},"line":60}},"branchMap":{},"s":{"0":11,"1":11,"2":11,"3":11,"4":11,"5":11,"6":11,"7":0,"8":0,"9":11,"10":11},"f":{"0":11,"1":0},"b":{},"_coverageSchema":"1a1c01bbd47fc00a2c39e90264f33305004495a9","hash":"7206ad5692db700aadb0be49a04cb2d7d291003b"}
,"C:\\Users\\user\\CascadeProjects\\Event-Locator-App---Backend\\src\\controllers\\auth.controller.js": {"path":"C:\\Users\\user\\CascadeProjects\\Event-Locator-App---Backend\\src\\controllers\\auth.controller.js","statementMap":{"0":{"start":{"line":1,"column":12},"end":{"line":1,"column":35}},"1":{"start":{"line":2,"column":29},"end":{"line":2,"column":57}},"2":{"start":{"line":3,"column":13},"end":{"line":3,"column":44}},"3":{"start":{"line":4,"column":11},"end":{"line":4,"column":40}},"4":{"start":{"line":5,"column":15},"end":{"line":5,"column":34}},"5":{"start":{"line":6,"column":15},"end":{"line":6,"column":42}},"6":{"start":{"line":10,"column":4},"end":{"line":93,"column":5}},"7":{"start":{"line":11,"column":21},"end":{"line":11,"column":42}},"8":{"start":{"line":12,"column":6},"end":{"line":19,"column":7}},"9":{"start":{"line":13,"column":8},"end":{"line":18,"column":10}},"10":{"start":{"line":21,"column":80},"end":{"line":21,"column":88}},"11":{"start":{"line":24,"column":20},"end":{"line":24,"column":59}},"12":{"start":{"line":25,"column":23},"end":{"line":25,"column":53}},"13":{"start":{"line":26,"column":27},"end":{"line":26,"column":34}},"14":{"start":{"line":28,"column":6},"end":{"line":36,"column":7}},"15":{"start":{"line":29,"column":8},"end":{"line":29,"column":74}},"16":{"start":{"line":30,"column":8},"end":{"line":35,"column":10}},"17":{"start":{"line":39,"column":19},"end":{"line":46,"column":8}},"18":{"start":{"line":49,"column":20},"end":{"line":53,"column":7}},"19":{"start":{"line":56,"column":6},"end":{"line":56,"column":68}},"20":{"start":{"line":58,"column":6},"end":{"line":72,"column":8}},"21":{"start":{"line":74,"column":6},"end":{"line":74,"column":49}},"22":{"start":{"line":77,"column":6},"end":{"line":84,"column":7}},"23":{"start":{"line":78,"column":8},"end":{"line":83,"column":10}},"24":{"start":{"line":87,"column":6},"end":{"line":92,"column":8}},"25":{"start":{"line":97,"column":4},"end":{"line":174,"column":5}},"26":{"start":{"line":98,"column":21},"end":{"line":98,"column":42}},"27":{"start":{"line":99,"column":6},"end":{"line":106,"column":7}},"28":{"start":{"line":100,"column":8},"end":{"line":105,"column":10}},"29":{"start":{"line":108,"column":34},"end":{"line":108,"column":42}},"30":{"start":{"line":111,"column":20},"end":{"line":113,"column":48}},"31":{"start":{"line":114,"column":23},"end":{"line":114,"column":53}},"32":{"start":{"line":115,"column":19},"end":{"line":115,"column":26}},"33":{"start":{"line":117,"column":6},"end":{"line":125,"column":7}},"34":{"start":{"line":118,"column":8},"end":{"line":118,"column":71}},"35":{"start":{"line":119,"column":8},"end":{"line":124,"column":10}},"36":{"start":{"line":128,"column":30},"end":{"line":128,"column":80}},"37":{"start":{"line":129,"column":6},"end":{"line":137,"column":7}},"38":{"start":{"line":130,"column":8},"end":{"line":130,"column":63}},"39":{"start":{"line":131,"column":8},"end":{"line":136,"column":10}},"40":{"start":{"line":140,"column":20},"end":{"line":144,"column":7}},"41":{"start":{"line":147,"column":6},"end":{"line":147,"column":63}},"42":{"start":{"line":149,"column":6},"end":{"line":163,"column":8}},"43":{"start":{"line":165,"column":6},"end":{"line":165,"column":42}},"44":{"start":{"line":168,"column":6},"end":{"line":173,"column":8}},"45":{"start":{"line":178,"column":4},"end":{"line":206,"column":5}},"46":{"start":{"line":179,"column":21},"end":{"line":179,"column":42}},"47":{"start":{"line":180,"column":6},"end":{"line":188,"column":7}},"48":{"start":{"line":181,"column":8},"end":{"line":187,"column":11}},"49":{"start":{"line":190,"column":38},"end":{"line":190,"column":46}},"50":{"start":{"line":191,"column":21},"end":{"line":191,"column":32}},"51":{"start":{"line":193,"column":6},"end":{"line":193,"column":61}},"52":{"start":{"line":195,"column":6},"end":{"line":202,"column":9}},"53":{"start":{"line":204,"column":6},"end":{"line":204,"column":52}},"54":{"start":{"line":205,"column":6},"end":{"line":205,"column":18}},"55":{"start":{"line":210,"column":0},"end":{"line":210,"column":32}}},"fnMap":{"0":{"name":"(anonymous_0)","decl":{"start":{"line":9,"column":2},"end":{"line":9,"column":3}},"loc":{"start":{"line":9,"column":40},"end":{"line":94,"column":3}},"line":9},"1":{"name":"(anonymous_1)","decl":{"start":{"line":96,"column":2},"end":{"line":96,"column":3}},"loc":{"start":{"line":96,"column":37},"end":{"line":175,"column":3}},"line":96},"2":{"name":"(anonymous_2)","decl":{"start":{"line":177,"column":2},"end":{"line":177,"column":3}},"loc":{"start":{"line":177,"column":46},"end":{"line":207,"column":3}},"line":177}},"branchMap":{"0":{"loc":{"start":{"line":12,"column":6},"end":{"line":19,"column":7}},"type":"if","locations":[{"start":{"line":12,"column":6},"end":{"line":19,"column":7}},{"start":{},"end":{}}],"line":12},"1":{"loc":{"start":{"line":14,"column":10},"end":{"line":14,"column":64}},"type":"cond-expr","locations":[{"start":{"line":14,"column":18},"end":{"line":14,"column":43}},{"start":{"line":14,"column":46},"end":{"line":14,"column":64}}],"line":14},"2":{"loc":{"start":{"line":28,"column":6},"end":{"line":36,"column":7}},"type":"if","locations":[{"start":{"line":28,"column":6},"end":{"line":36,"column":7}},{"start":{},"end":{}}],"line":28},"3":{"loc":{"start":{"line":31,"column":10},"end":{"line":31,"column":138}},"type":"cond-expr","locations":[{"start":{"line":31,"column":18},"end":{"line":31,"column":44}},{"start":{"line":31,"column":47},"end":{"line":31,"column":138}}],"line":31},"4":{"loc":{"start":{"line":52,"column":21},"end":{"line":52,"column":56}},"type":"binary-expr","locations":[{"start":{"line":52,"column":21},"end":{"line":52,"column":47}},{"start":{"line":52,"column":51},"end":{"line":52,"column":56}}],"line":52},"5":{"loc":{"start":{"line":59,"column":8},"end":{"line":59,"column":78}},"type":"cond-expr","locations":[{"start":{"line":59,"column":16},"end":{"line":59,"column":50}},{"start":{"line":59,"column":53},"end":{"line":59,"column":78}}],"line":59},"6":{"loc":{"start":{"line":77,"column":6},"end":{"line":84,"column":7}},"type":"if","locations":[{"start":{"line":77,"column":6},"end":{"line":84,"column":7}},{"start":{},"end":{}}],"line":77},"7":{"loc":{"start":{"line":79,"column":10},"end":{"line":79,"column":138}},"type":"cond-expr","locations":[{"start":{"line":79,"column":18},"end":{"line":79,"column":44}},{"start":{"line":79,"column":47},"end":{"line":79,"column":138}}],"line":79},"8":{"loc":{"start":{"line":88,"column":8},"end":{"line":88,"column":95}},"type":"cond-expr","locations":[{"start":{"line":88,"column":16},"end":{"line":88,"column":37}},{"start":{"line":88,"column":40},"end":{"line":88,"column":95}}],"line":88},"9":{"loc":{"start":{"line":90,"column":8},"end":{"line":90,"column":74}},"type":"cond-expr","locations":[{"start":{"line":90,"column":49},"end":{"line":90,"column":62}},{"start":{"line":90,"column":65},"end":{"line":90,"column":74}}],"line":90},"10":{"loc":{"start":{"line":99,"column":6},"end":{"line":106,"column":7}},"type":"if","locations":[{"start":{"line":99,"column":6},"end":{"line":106,"column":7}},{"start":{},"end":{}}],"line":99},"11":{"loc":{"start":{"line":101,"column":10},"end":{"line":101,"column":64}},"type":"cond-expr","locations":[{"start":{"line":101,"column":18},"end":{"line":101,"column":43}},{"start":{"line":101,"column":46},"end":{"line":101,"column":64}}],"line":101},"12":{"loc":{"start":{"line":117,"column":6},"end":{"line":125,"column":7}},"type":"if","locations":[{"start":{"line":117,"column":6},"end":{"line":125,"column":7}},{"start":{},"end":{}}],"line":117},"13":{"loc":{"start":{"line":120,"column":10},"end":{"line":120,"column":121}},"type":"cond-expr","locations":[{"start":{"line":120,"column":18},"end":{"line":120,"column":51}},{"start":{"line":120,"column":54},"end":{"line":120,"column":121}}],"line":120},"14":{"loc":{"start":{"line":129,"column":6},"end":{"line":137,"column":7}},"type":"if","locations":[{"start":{"line":129,"column":6},"end":{"line":137,"column":7}},{"start":{},"end":{}}],"line":129},"15":{"loc":{"start":{"line":132,"column":10},"end":{"line":132,"column":121}},"type":"cond-expr","locations":[{"start":{"line":132,"column":18},"end":{"line":132,"column":51}},{"start":{"line":132,"column":54},"end":{"line":132,"column":121}}],"line":132},"16":{"loc":{"start":{"line":143,"column":21},"end":{"line":143,"column":56}},"type":"binary-expr","locations":[{"start":{"line":143,"column":21},"end":{"line":143,"column":47}},{"start":{"line":143,"column":51},"end":{"line":143,"column":56}}],"line":143},"17":{"loc":{"start":{"line":150,"column":8},"end":{"line":150,"column":64}},"type":"cond-expr","locations":[{"start":{"line":150,"column":16},"end":{"line":150,"column":43}},{"start":{"line":150,"column":46},"end":{"line":150,"column":64}}],"line":150},"18":{"loc":{"start":{"line":169,"column":8},"end":{"line":169,"column":95}},"type":"cond-expr","locations":[{"start":{"line":169,"column":16},"end":{"line":169,"column":37}},{"start":{"line":169,"column":40},"end":{"line":169,"column":95}}],"line":169},"19":{"loc":{"start":{"line":171,"column":8},"end":{"line":171,"column":74}},"type":"cond-expr","locations":[{"start":{"line":171,"column":49},"end":{"line":171,"column":62}},{"start":{"line":171,"column":65},"end":{"line":171,"column":74}}],"line":171},"20":{"loc":{"start":{"line":180,"column":6},"end":{"line":188,"column":7}},"type":"if","locations":[{"start":{"line":180,"column":6},"end":{"line":188,"column":7}},{"start":{},"end":{}}],"line":180},"21":{"loc":{"start":{"line":184,"column":21},"end":{"line":184,"column":75}},"type":"cond-expr","locations":[{"start":{"line":184,"column":29},"end":{"line":184,"column":54}},{"start":{"line":184,"column":57},"end":{"line":184,"column":75}}],"line":184},"22":{"loc":{"start":{"line":197,"column":17},"end":{"line":197,"column":89}},"type":"cond-expr","locations":[{"start":{"line":197,"column":25},"end":{"line":197,"column":55}},{"start":{"line":197,"column":58},"end":{"line":197,"column":89}}],"line":197}},"s":{"0":11,"1":11,"2":11,"3":11,"4":11,"5":11,"6":19,"7":19,"8":19,"9":1,"10":18,"11":18,"12":18,"13":18,"14":18,"15":3,"16":3,"17":15,"18":12,"19":12,"20":12,"21":3,"22":3,"23":3,"24":0,"25":6,"26":6,"27":6,"28":0,"29":6,"30":6,"31":6,"32":6,"33":6,"34":1,"35":1,"36":5,"37":5,"38":4,"39":4,"40":1,"41":1,"42":1,"43":0,"44":0,"45":0,"46":0,"47":0,"48":0,"49":0,"50":0,"51":0,"52":0,"53":0,"54":0,"55":11},"f":{"0":19,"1":6,"2":0},"b":{"0":[1,18],"1":[1,0],"2":[3,15],"3":[3,0],"4":[12,0],"5":[12,0],"6":[3,0],"7":[3,0],"8":[0,0],"9":[0,0],"10":[0,6],"11":[0,0],"12":[1,5],"13":[1,0],"14":[4,1],"15":[4,0],"16":[1,0],"17":[1,0],"18":[0,0],"19":[0,0],"20":[0,0],"21":[0,0],"22":[0,0]},"_coverageSchema":"1a1c01bbd47fc00a2c39e90264f33305004495a9","hash":"d74c8ef1c98eaaf102ea854248ff2418dcf2f842"}
,"C:\\Users\\user\\CascadeProjects\\Event-Locator-App---Backend\\src\\controllers\\event.controller.js": {"path":"C:\\Users\\user\\CascadeProjects\\Event-Locator-App---Backend\\src\\controllers\\event.controller.js","statementMap":{"0":{"start":{"line":1,"column":29},"end":{"line":1,"column":57}},"1":{"start":{"line":2,"column":14},"end":{"line":2,"column":46}},"2":{"start":{"line":3,"column":20},"end":{"line":3,"column":46}},"3":{"start":{"line":4,"column":11},"end":{"line":4,"column":40}},"4":{"start":{"line":8,"column":4},"end":{"line":57,"column":5}},"5":{"start":{"line":9,"column":21},"end":{"line":9,"column":42}},"6":{"start":{"line":10,"column":6},"end":{"line":17,"column":7}},"7":{"start":{"line":11,"column":8},"end":{"line":16,"column":11}},"8":{"start":{"line":20,"column":6},"end":{"line":26,"column":7}},"9":{"start":{"line":21,"column":8},"end":{"line":25,"column":11}},"10":{"start":{"line":29,"column":24},"end":{"line":33,"column":7}},"11":{"start":{"line":35,"column":6},"end":{"line":35,"column":74}},"12":{"start":{"line":37,"column":20},"end":{"line":37,"column":49}},"13":{"start":{"line":40,"column":6},"end":{"line":48,"column":7}},"14":{"start":{"line":41,"column":8},"end":{"line":44,"column":12}},"15":{"start":{"line":46,"column":8},"end":{"line":46,"column":94}},"16":{"start":{"line":50,"column":6},"end":{"line":53,"column":9}},"17":{"start":{"line":55,"column":6},"end":{"line":55,"column":73}},"18":{"start":{"line":56,"column":6},"end":{"line":56,"column":18}},"19":{"start":{"line":61,"column":4},"end":{"line":174,"column":5}},"20":{"start":{"line":71,"column":10},"end":{"line":71,"column":19}},"21":{"start":{"line":73,"column":6},"end":{"line":73,"column":47}},"22":{"start":{"line":76,"column":18},"end":{"line":93,"column":49}},"23":{"start":{"line":96,"column":6},"end":{"line":102,"column":7}},"24":{"start":{"line":97,"column":8},"end":{"line":101,"column":25}},"25":{"start":{"line":105,"column":6},"end":{"line":109,"column":19}},"26":{"start":{"line":112,"column":21},"end":{"line":112,"column":23}},"27":{"start":{"line":113,"column":23},"end":{"line":113,"column":24}},"28":{"start":{"line":116,"column":6},"end":{"line":124,"column":7}},"29":{"start":{"line":117,"column":8},"end":{"line":117,"column":85}},"30":{"start":{"line":118,"column":8},"end":{"line":122,"column":11}},"31":{"start":{"line":123,"column":8},"end":{"line":123,"column":23}},"32":{"start":{"line":127,"column":6},"end":{"line":131,"column":7}},"33":{"start":{"line":128,"column":8},"end":{"line":128,"column":55}},"34":{"start":{"line":129,"column":8},"end":{"line":129,"column":46}},"35":{"start":{"line":130,"column":8},"end":{"line":130,"column":21}},"36":{"start":{"line":134,"column":6},"end":{"line":138,"column":7}},"37":{"start":{"line":135,"column":8},"end":{"line":135,"column":55}},"38":{"start":{"line":136,"column":8},"end":{"line":136,"column":41}},"39":{"start":{"line":137,"column":8},"end":{"line":137,"column":21}},"40":{"start":{"line":140,"column":6},"end":{"line":144,"column":7}},"41":{"start":{"line":141,"column":8},"end":{"line":141,"column":53}},"42":{"start":{"line":142,"column":8},"end":{"line":142,"column":39}},"43":{"start":{"line":143,"column":8},"end":{"line":143,"column":21}},"44":{"start":{"line":147,"column":6},"end":{"line":151,"column":7}},"45":{"start":{"line":148,"column":8},"end":{"line":148,"column":42}},"46":{"start":{"line":150,"column":8},"end":{"line":150,"column":46}},"47":{"start":{"line":154,"column":6},"end":{"line":154,"column":65}},"48":{"start":{"line":155,"column":6},"end":{"line":155,"column":61}},"49":{"start":{"line":157,"column":6},"end":{"line":157,"column":41}},"50":{"start":{"line":158,"column":6},"end":{"line":158,"column":37}},"51":{"start":{"line":160,"column":21},"end":{"line":160,"column":63}},"52":{"start":{"line":162,"column":6},"end":{"line":165,"column":8}},"53":{"start":{"line":167,"column":6},"end":{"line":167,"column":44}},"54":{"start":{"line":168,"column":6},"end":{"line":173,"column":8}},"55":{"start":{"line":178,"column":4},"end":{"line":193,"column":5}},"56":{"start":{"line":179,"column":20},"end":{"line":179,"column":55}},"57":{"start":{"line":180,"column":6},"end":{"line":186,"column":7}},"58":{"start":{"line":181,"column":8},"end":{"line":185,"column":11}},"59":{"start":{"line":188,"column":6},"end":{"line":190,"column":9}},"60":{"start":{"line":192,"column":6},"end":{"line":192,"column":18}},"61":{"start":{"line":197,"column":4},"end":{"line":244,"column":5}},"62":{"start":{"line":198,"column":21},"end":{"line":198,"column":42}},"63":{"start":{"line":199,"column":6},"end":{"line":206,"column":7}},"64":{"start":{"line":200,"column":8},"end":{"line":205,"column":11}},"65":{"start":{"line":208,"column":20},"end":{"line":208,"column":55}},"66":{"start":{"line":209,"column":6},"end":{"line":215,"column":7}},"67":{"start":{"line":210,"column":8},"end":{"line":214,"column":11}},"68":{"start":{"line":217,"column":6},"end":{"line":223,"column":7}},"69":{"start":{"line":218,"column":8},"end":{"line":222,"column":11}},"70":{"start":{"line":225,"column":27},"end":{"line":225,"column":70}},"71":{"start":{"line":228,"column":6},"end":{"line":236,"column":7}},"72":{"start":{"line":229,"column":8},"end":{"line":232,"column":12}},"73":{"start":{"line":234,"column":8},"end":{"line":234,"column":94}},"74":{"start":{"line":238,"column":6},"end":{"line":241,"column":9}},"75":{"start":{"line":243,"column":6},"end":{"line":243,"column":18}},"76":{"start":{"line":248,"column":4},"end":{"line":284,"column":5}},"77":{"start":{"line":249,"column":20},"end":{"line":249,"column":55}},"78":{"start":{"line":250,"column":6},"end":{"line":256,"column":7}},"79":{"start":{"line":251,"column":8},"end":{"line":255,"column":11}},"80":{"start":{"line":258,"column":6},"end":{"line":264,"column":7}},"81":{"start":{"line":259,"column":8},"end":{"line":263,"column":11}},"82":{"start":{"line":266,"column":6},"end":{"line":266,"column":40}},"83":{"start":{"line":269,"column":6},"end":{"line":277,"column":7}},"84":{"start":{"line":270,"column":8},"end":{"line":273,"column":12}},"85":{"start":{"line":275,"column":8},"end":{"line":275,"column":94}},"86":{"start":{"line":279,"column":6},"end":{"line":281,"column":9}},"87":{"start":{"line":283,"column":6},"end":{"line":283,"column":18}},"88":{"start":{"line":288,"column":4},"end":{"line":354,"column":5}},"89":{"start":{"line":290,"column":6},"end":{"line":296,"column":7}},"90":{"start":{"line":291,"column":8},"end":{"line":295,"column":11}},"91":{"start":{"line":298,"column":22},"end":{"line":298,"column":35}},"92":{"start":{"line":299,"column":21},"end":{"line":299,"column":32}},"93":{"start":{"line":301,"column":6},"end":{"line":301,"column":80}},"94":{"start":{"line":304,"column":20},"end":{"line":304,"column":49}},"95":{"start":{"line":305,"column":6},"end":{"line":311,"column":7}},"96":{"start":{"line":306,"column":8},"end":{"line":310,"column":11}},"97":{"start":{"line":314,"column":27},"end":{"line":314,"column":75}},"98":{"start":{"line":317,"column":6},"end":{"line":329,"column":7}},"99":{"start":{"line":318,"column":8},"end":{"line":325,"column":12}},"100":{"start":{"line":327,"column":8},"end":{"line":327,"column":104}},"101":{"start":{"line":331,"column":6},"end":{"line":334,"column":9}},"102":{"start":{"line":336,"column":6},"end":{"line":336,"column":58}},"103":{"start":{"line":339,"column":6},"end":{"line":351,"column":7}},"104":{"start":{"line":340,"column":8},"end":{"line":344,"column":11}},"105":{"start":{"line":345,"column":13},"end":{"line":351,"column":7}},"106":{"start":{"line":346,"column":8},"end":{"line":350,"column":11}},"107":{"start":{"line":353,"column":6},"end":{"line":353,"column":18}},"108":{"start":{"line":358,"column":4},"end":{"line":384,"column":5}},"109":{"start":{"line":359,"column":21},"end":{"line":359,"column":82}},"110":{"start":{"line":360,"column":6},"end":{"line":366,"column":7}},"111":{"start":{"line":361,"column":8},"end":{"line":365,"column":11}},"112":{"start":{"line":369,"column":6},"end":{"line":377,"column":7}},"113":{"start":{"line":370,"column":8},"end":{"line":373,"column":12}},"114":{"start":{"line":375,"column":8},"end":{"line":375,"column":106}},"115":{"start":{"line":379,"column":6},"end":{"line":381,"column":9}},"116":{"start":{"line":383,"column":6},"end":{"line":383,"column":18}},"117":{"start":{"line":388,"column":0},"end":{"line":388,"column":33}}},"fnMap":{"0":{"name":"(anonymous_0)","decl":{"start":{"line":7,"column":2},"end":{"line":7,"column":3}},"loc":{"start":{"line":7,"column":38},"end":{"line":58,"column":3}},"line":7},"1":{"name":"(anonymous_1)","decl":{"start":{"line":60,"column":2},"end":{"line":60,"column":3}},"loc":{"start":{"line":60,"column":38},"end":{"line":175,"column":3}},"line":60},"2":{"name":"(anonymous_2)","decl":{"start":{"line":177,"column":2},"end":{"line":177,"column":3}},"loc":{"start":{"line":177,"column":39},"end":{"line":194,"column":3}},"line":177},"3":{"name":"(anonymous_3)","decl":{"start":{"line":196,"column":2},"end":{"line":196,"column":3}},"loc":{"start":{"line":196,"column":38},"end":{"line":245,"column":3}},"line":196},"4":{"name":"(anonymous_4)","decl":{"start":{"line":247,"column":2},"end":{"line":247,"column":3}},"loc":{"start":{"line":247,"column":38},"end":{"line":285,"column":3}},"line":247},"5":{"name":"(anonymous_5)","decl":{"start":{"line":287,"column":2},"end":{"line":287,"column":3}},"loc":{"start":{"line":287,"column":40},"end":{"line":355,"column":3}},"line":287},"6":{"name":"(anonymous_6)","decl":{"start":{"line":357,"column":2},"end":{"line":357,"column":3}},"loc":{"start":{"line":357,"column":42},"end":{"line":385,"column":3}},"line":357}},"branchMap":{"0":{"loc":{"start":{"line":10,"column":6},"end":{"line":17,"column":7}},"type":"if","locations":[{"start":{"line":10,"column":6},"end":{"line":17,"column":7}},{"start":{},"end":{}}],"line":10},"1":{"loc":{"start":{"line":13,"column":21},"end":{"line":13,"column":75}},"type":"cond-expr","locations":[{"start":{"line":13,"column":29},"end":{"line":13,"column":54}},{"start":{"line":13,"column":57},"end":{"line":13,"column":75}}],"line":13},"2":{"loc":{"start":{"line":20,"column":6},"end":{"line":26,"column":7}},"type":"if","locations":[{"start":{"line":20,"column":6},"end":{"line":26,"column":7}},{"start":{},"end":{}}],"line":20},"3":{"loc":{"start":{"line":20,"column":10},"end":{"line":20,"column":35}},"type":"binary-expr","locations":[{"start":{"line":20,"column":10},"end":{"line":20,"column":19}},{"start":{"line":20,"column":23},"end":{"line":20,"column":35}}],"line":20},"4":{"loc":{"start":{"line":23,"column":21},"end":{"line":23,"column":83}},"type":"cond-expr","locations":[{"start":{"line":23,"column":29},"end":{"line":23,"column":55}},{"start":{"line":23,"column":58},"end":{"line":23,"column":83}}],"line":23},"5":{"loc":{"start":{"line":51,"column":17},"end":{"line":51,"column":79}},"type":"cond-expr","locations":[{"start":{"line":51,"column":25},"end":{"line":51,"column":48}},{"start":{"line":51,"column":51},"end":{"line":51,"column":79}}],"line":51},"6":{"loc":{"start":{"line":69,"column":8},"end":{"line":69,"column":18}},"type":"default-arg","locations":[{"start":{"line":69,"column":16},"end":{"line":69,"column":18}}],"line":69},"7":{"loc":{"start":{"line":70,"column":8},"end":{"line":70,"column":18}},"type":"default-arg","locations":[{"start":{"line":70,"column":17},"end":{"line":70,"column":18}}],"line":70},"8":{"loc":{"start":{"line":96,"column":6},"end":{"line":102,"column":7}},"type":"if","locations":[{"start":{"line":96,"column":6},"end":{"line":102,"column":7}},{"start":{},"end":{}}],"line":96},"9":{"loc":{"start":{"line":96,"column":10},"end":{"line":96,"column":41}},"type":"binary-expr","locations":[{"start":{"line":96,"column":10},"end":{"line":96,"column":18}},{"start":{"line":96,"column":22},"end":{"line":96,"column":31}},{"start":{"line":96,"column":35},"end":{"line":96,"column":41}}],"line":96},"10":{"loc":{"start":{"line":116,"column":6},"end":{"line":124,"column":7}},"type":"if","locations":[{"start":{"line":116,"column":6},"end":{"line":124,"column":7}},{"start":{},"end":{}}],"line":116},"11":{"loc":{"start":{"line":116,"column":10},"end":{"line":116,"column":41}},"type":"binary-expr","locations":[{"start":{"line":116,"column":10},"end":{"line":116,"column":18}},{"start":{"line":116,"column":22},"end":{"line":116,"column":31}},{"start":{"line":116,"column":35},"end":{"line":116,"column":41}}],"line":116},"12":{"loc":{"start":{"line":127,"column":6},"end":{"line":131,"column":7}},"type":"if","locations":[{"start":{"line":127,"column":6},"end":{"line":131,"column":7}},{"start":{},"end":{}}],"line":127},"13":{"loc":{"start":{"line":134,"column":6},"end":{"line":138,"column":7}},"type":"if","locations":[{"start":{"line":134,"column":6},"end":{"line":138,"column":7}},{"start":{},"end":{}}],"line":134},"14":{"loc":{"start":{"line":140,"column":6},"end":{"line":144,"column":7}},"type":"if","locations":[{"start":{"line":140,"column":6},"end":{"line":144,"column":7}},{"start":{},"end":{}}],"line":140},"15":{"loc":{"start":{"line":147,"column":6},"end":{"line":151,"column":7}},"type":"if","locations":[{"start":{"line":147,"column":6},"end":{"line":151,"column":7}},{"start":{"line":149,"column":13},"end":{"line":151,"column":7}}],"line":147},"16":{"loc":{"start":{"line":147,"column":10},"end":{"line":147,"column":41}},"type":"binary-expr","locations":[{"start":{"line":147,"column":10},"end":{"line":147,"column":18}},{"start":{"line":147,"column":22},"end":{"line":147,"column":31}},{"start":{"line":147,"column":35},"end":{"line":147,"column":41}}],"line":147},"17":{"loc":{"start":{"line":163,"column":8},"end":{"line":163,"column":80}},"type":"cond-expr","locations":[{"start":{"line":163,"column":16},"end":{"line":163,"column":46}},{"start":{"line":163,"column":49},"end":{"line":163,"column":80}}],"line":163},"18":{"loc":{"start":{"line":169,"column":8},"end":{"line":169,"column":86}},"type":"cond-expr","locations":[{"start":{"line":169,"column":16},"end":{"line":169,"column":37}},{"start":{"line":169,"column":40},"end":{"line":169,"column":86}}],"line":169},"19":{"loc":{"start":{"line":171,"column":8},"end":{"line":171,"column":74}},"type":"cond-expr","locations":[{"start":{"line":171,"column":49},"end":{"line":171,"column":62}},{"start":{"line":171,"column":65},"end":{"line":171,"column":74}}],"line":171},"20":{"loc":{"start":{"line":180,"column":6},"end":{"line":186,"column":7}},"type":"if","locations":[{"start":{"line":180,"column":6},"end":{"line":186,"column":7}},{"start":{},"end":{}}],"line":180},"21":{"loc":{"start":{"line":183,"column":21},"end":{"line":183,"column":74}},"type":"cond-expr","locations":[{"start":{"line":183,"column":29},"end":{"line":183,"column":54}},{"start":{"line":183,"column":57},"end":{"line":183,"column":74}}],"line":183},"22":{"loc":{"start":{"line":199,"column":6},"end":{"line":206,"column":7}},"type":"if","locations":[{"start":{"line":199,"column":6},"end":{"line":206,"column":7}},{"start":{},"end":{}}],"line":199},"23":{"loc":{"start":{"line":202,"column":21},"end":{"line":202,"column":75}},"type":"cond-expr","locations":[{"start":{"line":202,"column":29},"end":{"line":202,"column":54}},{"start":{"line":202,"column":57},"end":{"line":202,"column":75}}],"line":202},"24":{"loc":{"start":{"line":209,"column":6},"end":{"line":215,"column":7}},"type":"if","locations":[{"start":{"line":209,"column":6},"end":{"line":215,"column":7}},{"start":{},"end":{}}],"line":209},"25":{"loc":{"start":{"line":212,"column":21},"end":{"line":212,"column":74}},"type":"cond-expr","locations":[{"start":{"line":212,"column":29},"end":{"line":212,"column":54}},{"start":{"line":212,"column":57},"end":{"line":212,"column":74}}],"line":212},"26":{"loc":{"start":{"line":217,"column":6},"end":{"line":223,"column":7}},"type":"if","locations":[{"start":{"line":217,"column":6},"end":{"line":223,"column":7}},{"start":{},"end":{}}],"line":217},"27":{"loc":{"start":{"line":220,"column":21},"end":{"line":220,"column":67}},"type":"cond-expr","locations":[{"start":{"line":220,"column":29},"end":{"line":220,"column":53}},{"start":{"line":220,"column":56},"end":{"line":220,"column":67}}],"line":220},"28":{"loc":{"start":{"line":239,"column":17},"end":{"line":239,"column":79}},"type":"cond-expr","locations":[{"start":{"line":239,"column":25},"end":{"line":239,"column":48}},{"start":{"line":239,"column":51},"end":{"line":239,"column":79}}],"line":239},"29":{"loc":{"start":{"line":250,"column":6},"end":{"line":256,"column":7}},"type":"if","locations":[{"start":{"line":250,"column":6},"end":{"line":256,"column":7}},{"start":{},"end":{}}],"line":250},"30":{"loc":{"start":{"line":253,"column":21},"end":{"line":253,"column":74}},"type":"cond-expr","locations":[{"start":{"line":253,"column":29},"end":{"line":253,"column":54}},{"start":{"line":253,"column":57},"end":{"line":253,"column":74}}],"line":253},"31":{"loc":{"start":{"line":258,"column":6},"end":{"line":264,"column":7}},"type":"if","locations":[{"start":{"line":258,"column":6},"end":{"line":264,"column":7}},{"start":{},"end":{}}],"line":258},"32":{"loc":{"start":{"line":261,"column":21},"end":{"line":261,"column":67}},"type":"cond-expr","locations":[{"start":{"line":261,"column":29},"end":{"line":261,"column":53}},{"start":{"line":261,"column":56},"end":{"line":261,"column":67}}],"line":261},"33":{"loc":{"start":{"line":280,"column":17},"end":{"line":280,"column":79}},"type":"cond-expr","locations":[{"start":{"line":280,"column":25},"end":{"line":280,"column":48}},{"start":{"line":280,"column":51},"end":{"line":280,"column":79}}],"line":280},"34":{"loc":{"start":{"line":290,"column":6},"end":{"line":296,"column":7}},"type":"if","locations":[{"start":{"line":290,"column":6},"end":{"line":296,"column":7}},{"start":{},"end":{}}],"line":290},"35":{"loc":{"start":{"line":290,"column":10},"end":{"line":290,"column":35}},"type":"binary-expr","locations":[{"start":{"line":290,"column":10},"end":{"line":290,"column":19}},{"start":{"line":290,"column":23},"end":{"line":290,"column":35}}],"line":290},"36":{"loc":{"start":{"line":293,"column":21},"end":{"line":293,"column":83}},"type":"cond-expr","locations":[{"start":{"line":293,"column":29},"end":{"line":293,"column":55}},{"start":{"line":293,"column":58},"end":{"line":293,"column":83}}],"line":293},"37":{"loc":{"start":{"line":305,"column":6},"end":{"line":311,"column":7}},"type":"if","locations":[{"start":{"line":305,"column":6},"end":{"line":311,"column":7}},{"start":{},"end":{}}],"line":305},"38":{"loc":{"start":{"line":308,"column":21},"end":{"line":308,"column":74}},"type":"cond-expr","locations":[{"start":{"line":308,"column":29},"end":{"line":308,"column":54}},{"start":{"line":308,"column":57},"end":{"line":308,"column":74}}],"line":308},"39":{"loc":{"start":{"line":332,"column":17},"end":{"line":332,"column":89}},"type":"cond-expr","locations":[{"start":{"line":332,"column":25},"end":{"line":332,"column":51}},{"start":{"line":332,"column":54},"end":{"line":332,"column":89}}],"line":332},"40":{"loc":{"start":{"line":339,"column":6},"end":{"line":351,"column":7}},"type":"if","locations":[{"start":{"line":339,"column":6},"end":{"line":351,"column":7}},{"start":{"line":345,"column":13},"end":{"line":351,"column":7}}],"line":339},"41":{"loc":{"start":{"line":342,"column":21},"end":{"line":342,"column":88}},"type":"cond-expr","locations":[{"start":{"line":342,"column":29},"end":{"line":342,"column":58}},{"start":{"line":342,"column":61},"end":{"line":342,"column":88}}],"line":342},"42":{"loc":{"start":{"line":345,"column":13},"end":{"line":351,"column":7}},"type":"if","locations":[{"start":{"line":345,"column":13},"end":{"line":351,"column":7}},{"start":{},"end":{}}],"line":345},"43":{"loc":{"start":{"line":348,"column":21},"end":{"line":348,"column":106}},"type":"cond-expr","locations":[{"start":{"line":348,"column":29},"end":{"line":348,"column":63}},{"start":{"line":348,"column":66},"end":{"line":348,"column":106}}],"line":348},"44":{"loc":{"start":{"line":360,"column":6},"end":{"line":366,"column":7}},"type":"if","locations":[{"start":{"line":360,"column":6},"end":{"line":366,"column":7}},{"start":{},"end":{}}],"line":360},"45":{"loc":{"start":{"line":363,"column":21},"end":{"line":363,"column":78}},"type":"cond-expr","locations":[{"start":{"line":363,"column":29},"end":{"line":363,"column":59}},{"start":{"line":363,"column":62},"end":{"line":363,"column":78}}],"line":363},"46":{"loc":{"start":{"line":380,"column":17},"end":{"line":380,"column":93}},"type":"cond-expr","locations":[{"start":{"line":380,"column":25},"end":{"line":380,"column":63}},{"start":{"line":380,"column":66},"end":{"line":380,"column":93}}],"line":380}},"s":{"0":11,"1":11,"2":11,"3":11,"4":8,"5":8,"6":8,"7":3,"8":5,"9":0,"10":5,"11":5,"12":5,"13":3,"14":3,"15":0,"16":3,"17":2,"18":2,"19":6,"20":6,"21":6,"22":6,"23":6,"24":4,"25":6,"26":6,"27":6,"28":6,"29":4,"30":4,"31":4,"32":6,"33":2,"34":2,"35":2,"36":6,"37":0,"38":0,"39":0,"40":6,"41":0,"42":0,"43":0,"44":6,"45":4,"46":2,"47":6,"48":6,"49":6,"50":6,"51":6,"52":5,"53":1,"54":1,"55":2,"56":2,"57":1,"58":1,"59":0,"60":1,"61":1,"62":1,"63":1,"64":0,"65":1,"66":0,"67":0,"68":0,"69":0,"70":0,"71":0,"72":0,"73":0,"74":0,"75":1,"76":1,"77":1,"78":0,"79":0,"80":0,"81":0,"82":0,"83":0,"84":0,"85":0,"86":0,"87":1,"88":10,"89":10,"90":0,"91":10,"92":10,"93":10,"94":10,"95":8,"96":4,"97":4,"98":0,"99":0,"100":0,"101":0,"102":6,"103":6,"104":0,"105":6,"106":0,"107":6,"108":2,"109":2,"110":2,"111":2,"112":0,"113":0,"114":0,"115":0,"116":0,"117":11},"f":{"0":8,"1":6,"2":2,"3":1,"4":1,"5":10,"6":2},"b":{"0":[3,5],"1":[3,0],"2":[0,5],"3":[5,5],"4":[0,0],"5":[3,0],"6":[6],"7":[6],"8":[4,2],"9":[6,4,4],"10":[4,2],"11":[6,4,4],"12":[2,4],"13":[0,6],"14":[0,6],"15":[4,2],"16":[6,4,4],"17":[5,0],"18":[1,0],"19":[0,1],"20":[1,0],"21":[1,0],"22":[0,1],"23":[0,0],"24":[0,0],"25":[0,0],"26":[0,0],"27":[0,0],"28":[0,0],"29":[0,0],"30":[0,0],"31":[0,0],"32":[0,0],"33":[0,0],"34":[0,10],"35":[10,10],"36":[0,0],"37":[4,4],"38":[4,0],"39":[0,0],"40":[0,6],"41":[0,0],"42":[0,6],"43":[0,0],"44":[2,0],"45":[2,0],"46":[0,0]},"_coverageSchema":"1a1c01bbd47fc00a2c39e90264f33305004495a9","hash":"3fa9e6bbcd466b13e5646bbacbc42c2a53890f72"}
,"C:\\Users\\user\\CascadeProjects\\Event-Locator-App---Backend\\src\\controllers\\favorites.controller.js": {"path":"C:\\Users\\user\\CascadeProjects\\Event-Locator-App---Backend\\src\\controllers\\favorites.controller.js","statementMap":{"0":{"start":{"line":1,"column":29},"end":{"line":1,"column":57}},"1":{"start":{"line":2,"column":11},"end":{"line":2,"column":40}},"2":{"start":{"line":3,"column":16},"end":{"line":3,"column":34}},"3":{"start":{"line":8,"column":0},"end":{"line":52,"column":2}},"4":{"start":{"line":9,"column":2},"end":{"line":51,"column":3}},"5":{"start":{"line":10,"column":19},"end":{"line":10,"column":30}},"6":{"start":{"line":13,"column":18},"end":{"line":19,"column":5}},"7":{"start":{"line":21,"column":21},"end":{"line":21,"column":52}},"8":{"start":{"line":24,"column":30},"end":{"line":37,"column":7}},"9":{"start":{"line":25,"column":26},"end":{"line":29,"column":7}},"10":{"start":{"line":30,"column":27},"end":{"line":30,"column":66}},"11":{"start":{"line":32,"column":6},"end":{"line":36,"column":8}},"12":{"start":{"line":39,"column":4},"end":{"line":42,"column":7}},"13":{"start":{"line":44,"column":4},"end":{"line":44,"column":60}},"14":{"start":{"line":45,"column":4},"end":{"line":50,"column":7}},"15":{"start":{"line":57,"column":0},"end":{"line":117,"column":2}},"16":{"start":{"line":58,"column":2},"end":{"line":116,"column":3}},"17":{"start":{"line":60,"column":19},"end":{"line":60,"column":40}},"18":{"start":{"line":61,"column":4},"end":{"line":69,"column":5}},"19":{"start":{"line":62,"column":6},"end":{"line":68,"column":9}},"20":{"start":{"line":71,"column":19},"end":{"line":71,"column":30}},"21":{"start":{"line":72,"column":20},"end":{"line":72,"column":38}},"22":{"start":{"line":75,"column":23},"end":{"line":75,"column":60}},"23":{"start":{"line":76,"column":24},"end":{"line":76,"column":61}},"24":{"start":{"line":78,"column":4},"end":{"line":85,"column":5}},"25":{"start":{"line":79,"column":6},"end":{"line":84,"column":9}},"26":{"start":{"line":88,"column":23},"end":{"line":88,"column":91}},"27":{"start":{"line":89,"column":24},"end":{"line":89,"column":69}},"28":{"start":{"line":91,"column":4},"end":{"line":98,"column":5}},"29":{"start":{"line":92,"column":6},"end":{"line":97,"column":9}},"30":{"start":{"line":101,"column":24},"end":{"line":101,"column":101}},"31":{"start":{"line":102,"column":4},"end":{"line":102,"column":51}},"32":{"start":{"line":104,"column":4},"end":{"line":107,"column":7}},"33":{"start":{"line":109,"column":4},"end":{"line":109,"column":51}},"34":{"start":{"line":110,"column":4},"end":{"line":115,"column":7}},"35":{"start":{"line":122,"column":0},"end":{"line":169,"column":2}},"36":{"start":{"line":123,"column":2},"end":{"line":168,"column":3}},"37":{"start":{"line":125,"column":19},"end":{"line":125,"column":40}},"38":{"start":{"line":126,"column":4},"end":{"line":134,"column":5}},"39":{"start":{"line":127,"column":6},"end":{"line":133,"column":9}},"40":{"start":{"line":136,"column":19},"end":{"line":136,"column":30}},"41":{"start":{"line":137,"column":20},"end":{"line":137,"column":38}},"42":{"start":{"line":140,"column":23},"end":{"line":140,"column":91}},"43":{"start":{"line":141,"column":24},"end":{"line":141,"column":69}},"44":{"start":{"line":143,"column":4},"end":{"line":150,"column":5}},"45":{"start":{"line":144,"column":6},"end":{"line":149,"column":9}},"46":{"start":{"line":153,"column":24},"end":{"line":153,"column":90}},"47":{"start":{"line":154,"column":4},"end":{"line":154,"column":51}},"48":{"start":{"line":156,"column":4},"end":{"line":159,"column":7}},"49":{"start":{"line":161,"column":4},"end":{"line":161,"column":53}},"50":{"start":{"line":162,"column":4},"end":{"line":167,"column":7}}},"fnMap":{"0":{"name":"(anonymous_0)","decl":{"start":{"line":8,"column":23},"end":{"line":8,"column":24}},"loc":{"start":{"line":8,"column":43},"end":{"line":52,"column":1}},"line":8},"1":{"name":"(anonymous_1)","decl":{"start":{"line":24,"column":57},"end":{"line":24,"column":58}},"loc":{"start":{"line":24,"column":74},"end":{"line":37,"column":5}},"line":24},"2":{"name":"(anonymous_2)","decl":{"start":{"line":57,"column":22},"end":{"line":57,"column":23}},"loc":{"start":{"line":57,"column":42},"end":{"line":117,"column":1}},"line":57},"3":{"name":"(anonymous_3)","decl":{"start":{"line":122,"column":25},"end":{"line":122,"column":26}},"loc":{"start":{"line":122,"column":45},"end":{"line":169,"column":1}},"line":122}},"branchMap":{"0":{"loc":{"start":{"line":34,"column":24},"end":{"line":34,"column":127}},"type":"cond-expr","locations":[{"start":{"line":34,"column":62},"end":{"line":34,"column":120}},{"start":{"line":34,"column":123},"end":{"line":34,"column":127}}],"line":34},"1":{"loc":{"start":{"line":61,"column":4},"end":{"line":69,"column":5}},"type":"if","locations":[{"start":{"line":61,"column":4},"end":{"line":69,"column":5}},{"start":{},"end":{}}],"line":61},"2":{"loc":{"start":{"line":78,"column":4},"end":{"line":85,"column":5}},"type":"if","locations":[{"start":{"line":78,"column":4},"end":{"line":85,"column":5}},{"start":{},"end":{}}],"line":78},"3":{"loc":{"start":{"line":91,"column":4},"end":{"line":98,"column":5}},"type":"if","locations":[{"start":{"line":91,"column":4},"end":{"line":98,"column":5}},{"start":{},"end":{}}],"line":91},"4":{"loc":{"start":{"line":126,"column":4},"end":{"line":134,"column":5}},"type":"if","locations":[{"start":{"line":126,"column":4},"end":{"line":134,"column":5}},{"start":{},"end":{}}],"line":126},"5":{"loc":{"start":{"line":143,"column":4},"end":{"line":150,"column":5}},"type":"if","locations":[{"start":{"line":143,"column":4},"end":{"line":150,"column":5}},{"start":{},"end":{}}],"line":143}},"s":{"0":11,"1":11,"2":11,"3":11,"4":0,"5":0,"6":0,"7":0,"8":0,"9":0,"10":0,"11":0,"12":0,"13":0,"14":0,"15":11,"16":0,"17":0,"18":0,"19":0,"20":0,"21":0,"22":0,"23":0,"24":0,"25":0,"26":0,"27":0,"28":0,"29":0,"30":0,"31":0,"32":0,"33":0,"34":0,"35":11,"36":0,"37":0,"38":0,"39":0,"40":0,"41":0,"42":0,"43":0,"44":0,"45":0,"46":0,"47":0,"48":0,"49":0,"50":0},"f":{"0":0,"1":0,"2":0,"3":0},"b":{"0":[0,0],"1":[0,0],"2":[0,0],"3":[0,0],"4":[0,0],"5":[0,0]},"_coverageSchema":"1a1c01bbd47fc00a2c39e90264f33305004495a9","hash":"adbef8c6feb1d6ab5364353c56828845a9b6fb67"}
,"C:\\Users\\user\\CascadeProjects\\Event-Locator-App---Backend\\src\\controllers\\notification.controller.js": {"path":"C:\\Users\\user\\CascadeProjects\\Event-Locator-App---Backend\\src\\controllers\\notification.controller.js","statementMap":{"0":{"start":{"line":1,"column":29},"end":{"line":1,"column":57}},"1":{"start":{"line":2,"column":28},"end":{"line":2,"column":71}},"2":{"start":{"line":6,"column":4},"end":{"line":33,"column":5}},"3":{"start":{"line":7,"column":21},"end":{"line":7,"column":42}},"4":{"start":{"line":8,"column":6},"end":{"line":15,"column":7}},"5":{"start":{"line":9,"column":8},"end":{"line":14,"column":11}},"6":{"start":{"line":17,"column":32},"end":{"line":17,"column":41}},"7":{"start":{"line":18,"column":28},"end":{"line":22,"column":7}},"8":{"start":{"line":24,"column":6},"end":{"line":30,"column":9}},"9":{"start":{"line":26,"column":49},"end":{"line":29,"column":9}},"10":{"start":{"line":32,"column":6},"end":{"line":32,"column":18}},"11":{"start":{"line":37,"column":0},"end":{"line":37,"column":40}}},"fnMap":{"0":{"name":"(anonymous_0)","decl":{"start":{"line":5,"column":2},"end":{"line":5,"column":3}},"loc":{"start":{"line":5,"column":52},"end":{"line":34,"column":3}},"line":5},"1":{"name":"(anonymous_1)","decl":{"start":{"line":26,"column":32},"end":{"line":26,"column":33}},"loc":{"start":{"line":26,"column":49},"end":{"line":29,"column":9}},"line":26}},"branchMap":{"0":{"loc":{"start":{"line":8,"column":6},"end":{"line":15,"column":7}},"type":"if","locations":[{"start":{"line":8,"column":6},"end":{"line":15,"column":7}},{"start":{},"end":{}}],"line":8},"1":{"loc":{"start":{"line":20,"column":8},"end":{"line":20,"column":29}},"type":"binary-expr","locations":[{"start":{"line":20,"column":8},"end":{"line":20,"column":23}},{"start":{"line":20,"column":27},"end":{"line":20,"column":29}}],"line":20},"2":{"loc":{"start":{"line":21,"column":8},"end":{"line":21,"column":29}},"type":"binary-expr","locations":[{"start":{"line":21,"column":8},"end":{"line":21,"column":24}},{"start":{"line":21,"column":28},"end":{"line":21,"column":29}}],"line":21}},"s":{"0":11,"1":11,"2":0,"3":0,"4":0,"5":0,"6":0,"7":0,"8":0,"9":0,"10":0,"11":11},"f":{"0":0,"1":0},"b":{"0":[0,0],"1":[0,0],"2":[0,0]},"_coverageSchema":"1a1c01bbd47fc00a2c39e90264f33305004495a9","hash":"d7c2d37dcd41f7a5c6de5eb81acf6e9da0113979"}
,"C:\\Users\\user\\CascadeProjects\\Event-Locator-App---Backend\\src\\controllers\\rating.controller.js": {"path":"C:\\Users\\user\\CascadeProjects\\Event-Locator-App---Backend\\src\\controllers\\rating.controller.js","statementMap":{"0":{"start":{"line":1,"column":29},"end":{"line":1,"column":57}},"1":{"start":{"line":2,"column":15},"end":{"line":2,"column":48}},"2":{"start":{"line":3,"column":14},"end":{"line":3,"column":46}},"3":{"start":{"line":4,"column":20},"end":{"line":4,"column":46}},"4":{"start":{"line":8,"column":4},"end":{"line":85,"column":5}},"5":{"start":{"line":9,"column":21},"end":{"line":9,"column":42}},"6":{"start":{"line":10,"column":6},"end":{"line":17,"column":7}},"7":{"start":{"line":11,"column":8},"end":{"line":16,"column":11}},"8":{"start":{"line":19,"column":22},"end":{"line":19,"column":50}},"9":{"start":{"line":20,"column":21},"end":{"line":20,"column":32}},"10":{"start":{"line":23,"column":20},"end":{"line":23,"column":49}},"11":{"start":{"line":24,"column":6},"end":{"line":30,"column":7}},"12":{"start":{"line":25,"column":8},"end":{"line":29,"column":11}},"13":{"start":{"line":33,"column":30},"end":{"line":33,"column":82}},"14":{"start":{"line":34,"column":6},"end":{"line":40,"column":7}},"15":{"start":{"line":35,"column":8},"end":{"line":39,"column":11}},"16":{"start":{"line":43,"column":29},"end":{"line":43,"column":72}},"17":{"start":{"line":46,"column":6},"end":{"line":60,"column":7}},"18":{"start":{"line":47,"column":8},"end":{"line":52,"column":11}},"19":{"start":{"line":54,"column":8},"end":{"line":59,"column":11}},"20":{"start":{"line":63,"column":20},"end":{"line":63,"column":55}},"21":{"start":{"line":66,"column":6},"end":{"line":74,"column":10}},"22":{"start":{"line":76,"column":6},"end":{"line":82,"column":9}},"23":{"start":{"line":84,"column":6},"end":{"line":84,"column":18}},"24":{"start":{"line":89,"column":4},"end":{"line":122,"column":5}},"25":{"start":{"line":90,"column":21},"end":{"line":90,"column":42}},"26":{"start":{"line":91,"column":6},"end":{"line":98,"column":7}},"27":{"start":{"line":92,"column":8},"end":{"line":97,"column":11}},"28":{"start":{"line":100,"column":22},"end":{"line":100,"column":50}},"29":{"start":{"line":101,"column":32},"end":{"line":101,"column":41}},"30":{"start":{"line":103,"column":31},"end":{"line":109,"column":8}},"31":{"start":{"line":111,"column":6},"end":{"line":119,"column":9}},"32":{"start":{"line":113,"column":42},"end":{"line":116,"column":11}},"33":{"start":{"line":121,"column":6},"end":{"line":121,"column":18}},"34":{"start":{"line":126,"column":4},"end":{"line":160,"column":5}},"35":{"start":{"line":127,"column":22},"end":{"line":127,"column":50}},"36":{"start":{"line":128,"column":21},"end":{"line":128,"column":32}},"37":{"start":{"line":130,"column":21},"end":{"line":130,"column":64}},"38":{"start":{"line":131,"column":6},"end":{"line":137,"column":7}},"39":{"start":{"line":132,"column":8},"end":{"line":136,"column":11}},"40":{"start":{"line":139,"column":6},"end":{"line":139,"column":43}},"41":{"start":{"line":142,"column":20},"end":{"line":142,"column":55}},"42":{"start":{"line":145,"column":6},"end":{"line":152,"column":10}},"43":{"start":{"line":154,"column":6},"end":{"line":157,"column":9}},"44":{"start":{"line":159,"column":6},"end":{"line":159,"column":18}},"45":{"start":{"line":164,"column":4},"end":{"line":182,"column":5}},"46":{"start":{"line":165,"column":22},"end":{"line":165,"column":50}},"47":{"start":{"line":166,"column":21},"end":{"line":166,"column":32}},"48":{"start":{"line":168,"column":21},"end":{"line":168,"column":64}},"49":{"start":{"line":169,"column":6},"end":{"line":175,"column":7}},"50":{"start":{"line":170,"column":8},"end":{"line":174,"column":11}},"51":{"start":{"line":177,"column":6},"end":{"line":179,"column":9}},"52":{"start":{"line":181,"column":6},"end":{"line":181,"column":18}},"53":{"start":{"line":186,"column":0},"end":{"line":186,"column":34}}},"fnMap":{"0":{"name":"(anonymous_0)","decl":{"start":{"line":7,"column":2},"end":{"line":7,"column":3}},"loc":{"start":{"line":7,"column":46},"end":{"line":86,"column":3}},"line":7},"1":{"name":"(anonymous_1)","decl":{"start":{"line":88,"column":2},"end":{"line":88,"column":3}},"loc":{"start":{"line":88,"column":47},"end":{"line":123,"column":3}},"line":88},"2":{"name":"(anonymous_2)","decl":{"start":{"line":113,"column":31},"end":{"line":113,"column":32}},"loc":{"start":{"line":113,"column":42},"end":{"line":116,"column":11}},"line":113},"3":{"name":"(anonymous_3)","decl":{"start":{"line":125,"column":2},"end":{"line":125,"column":3}},"loc":{"start":{"line":125,"column":44},"end":{"line":161,"column":3}},"line":125},"4":{"name":"(anonymous_4)","decl":{"start":{"line":163,"column":2},"end":{"line":163,"column":3}},"loc":{"start":{"line":163,"column":45},"end":{"line":183,"column":3}},"line":163}},"branchMap":{"0":{"loc":{"start":{"line":10,"column":6},"end":{"line":17,"column":7}},"type":"if","locations":[{"start":{"line":10,"column":6},"end":{"line":17,"column":7}},{"start":{},"end":{}}],"line":10},"1":{"loc":{"start":{"line":24,"column":6},"end":{"line":30,"column":7}},"type":"if","locations":[{"start":{"line":24,"column":6},"end":{"line":30,"column":7}},{"start":{},"end":{}}],"line":24},"2":{"loc":{"start":{"line":34,"column":6},"end":{"line":40,"column":7}},"type":"if","locations":[{"start":{"line":34,"column":6},"end":{"line":40,"column":7}},{"start":{},"end":{}}],"line":34},"3":{"loc":{"start":{"line":46,"column":6},"end":{"line":60,"column":7}},"type":"if","locations":[{"start":{"line":46,"column":6},"end":{"line":60,"column":7}},{"start":{"line":53,"column":13},"end":{"line":60,"column":7}}],"line":46},"4":{"loc":{"start":{"line":67,"column":14},"end":{"line":67,"column":66}},"type":"cond-expr","locations":[{"start":{"line":67,"column":31},"end":{"line":67,"column":47}},{"start":{"line":67,"column":50},"end":{"line":67,"column":66}}],"line":67},"5":{"loc":{"start":{"line":76,"column":17},"end":{"line":76,"column":43}},"type":"cond-expr","locations":[{"start":{"line":76,"column":34},"end":{"line":76,"column":37}},{"start":{"line":76,"column":40},"end":{"line":76,"column":43}}],"line":76},"6":{"loc":{"start":{"line":77,"column":23},"end":{"line":77,"column":77}},"type":"cond-expr","locations":[{"start":{"line":77,"column":40},"end":{"line":77,"column":57}},{"start":{"line":77,"column":60},"end":{"line":77,"column":77}}],"line":77},"7":{"loc":{"start":{"line":91,"column":6},"end":{"line":98,"column":7}},"type":"if","locations":[{"start":{"line":91,"column":6},"end":{"line":98,"column":7}},{"start":{},"end":{}}],"line":91},"8":{"loc":{"start":{"line":105,"column":17},"end":{"line":105,"column":38}},"type":"binary-expr","locations":[{"start":{"line":105,"column":17},"end":{"line":105,"column":32}},{"start":{"line":105,"column":36},"end":{"line":105,"column":38}}],"line":105},"9":{"loc":{"start":{"line":106,"column":18},"end":{"line":106,"column":39}},"type":"binary-expr","locations":[{"start":{"line":106,"column":18},"end":{"line":106,"column":34}},{"start":{"line":106,"column":38},"end":{"line":106,"column":39}}],"line":106},"10":{"loc":{"start":{"line":131,"column":6},"end":{"line":137,"column":7}},"type":"if","locations":[{"start":{"line":131,"column":6},"end":{"line":137,"column":7}},{"start":{},"end":{}}],"line":131},"11":{"loc":{"start":{"line":169,"column":6},"end":{"line":175,"column":7}},"type":"if","locations":[{"start":{"line":169,"column":6},"end":{"line":175,"column":7}},{"start":{},"end":{}}],"line":169}},"s":{"0":11,"1":11,"2":11,"3":11,"4":3,"5":3,"6":3,"7":0,"8":3,"9":3,"10":3,"11":3,"12":0,"13":3,"14":0,"15":0,"16":0,"17":0,"18":0,"19":0,"20":0,"21":0,"22":0,"23":3,"24":2,"25":2,"26":2,"27":0,"28":2,"29":2,"30":2,"31":0,"32":0,"33":2,"34":2,"35":2,"36":2,"37":2,"38":0,"39":0,"40":0,"41":0,"42":0,"43":0,"44":2,"45":1,"46":1,"47":1,"48":1,"49":0,"50":0,"51":0,"52":1,"53":11},"f":{"0":3,"1":2,"2":0,"3":2,"4":1},"b":{"0":[0,3],"1":[0,3],"2":[0,0],"3":[0,0],"4":[0,0],"5":[0,0],"6":[0,0],"7":[0,2],"8":[2,1],"9":[2,2],"10":[0,0],"11":[0,0]},"_coverageSchema":"1a1c01bbd47fc00a2c39e90264f33305004495a9","hash":"7d7d58da6af0d5c1a76fe945509261252a515e60"}
,"C:\\Users\\user\\CascadeProjects\\Event-Locator-App---Backend\\src\\controllers\\user.controller.js": {"path":"C:\\Users\\user\\CascadeProjects\\Event-Locator-App---Backend\\src\\controllers\\user.controller.js","statementMap":{"0":{"start":{"line":1,"column":29},"end":{"line":1,"column":57}},"1":{"start":{"line":2,"column":13},"end":{"line":2,"column":44}},"2":{"start":{"line":3,"column":20},"end":{"line":3,"column":46}},"3":{"start":{"line":7,"column":4},"end":{"line":30,"column":5}},"4":{"start":{"line":8,"column":19},"end":{"line":8,"column":51}},"5":{"start":{"line":9,"column":6},"end":{"line":15,"column":7}},"6":{"start":{"line":10,"column":8},"end":{"line":14,"column":11}},"7":{"start":{"line":17,"column":6},"end":{"line":27,"column":9}},"8":{"start":{"line":29,"column":6},"end":{"line":29,"column":18}},"9":{"start":{"line":34,"column":4},"end":{"line":68,"column":5}},"10":{"start":{"line":35,"column":21},"end":{"line":35,"column":42}},"11":{"start":{"line":36,"column":6},"end":{"line":43,"column":7}},"12":{"start":{"line":37,"column":8},"end":{"line":42,"column":11}},"13":{"start":{"line":45,"column":63},"end":{"line":45,"column":71}},"14":{"start":{"line":46,"column":24},"end":{"line":46,"column":28}},"15":{"start":{"line":49,"column":6},"end":{"line":51,"column":7}},"16":{"start":{"line":50,"column":8},"end":{"line":50,"column":80}},"17":{"start":{"line":54,"column":6},"end":{"line":56,"column":7}},"18":{"start":{"line":55,"column":8},"end":{"line":55,"column":82}},"19":{"start":{"line":58,"column":6},"end":{"line":60,"column":7}},"20":{"start":{"line":59,"column":8},"end":{"line":59,"column":55}},"21":{"start":{"line":62,"column":6},"end":{"line":65,"column":9}},"22":{"start":{"line":67,"column":6},"end":{"line":67,"column":18}},"23":{"start":{"line":72,"column":4},"end":{"line":80,"column":5}},"24":{"start":{"line":73,"column":26},"end":{"line":73,"column":64}},"25":{"start":{"line":75,"column":6},"end":{"line":77,"column":9}},"26":{"start":{"line":79,"column":6},"end":{"line":79,"column":18}},"27":{"start":{"line":84,"column":4},"end":{"line":125,"column":5}},"28":{"start":{"line":85,"column":21},"end":{"line":85,"column":42}},"29":{"start":{"line":86,"column":6},"end":{"line":93,"column":7}},"30":{"start":{"line":87,"column":8},"end":{"line":92,"column":11}},"31":{"start":{"line":95,"column":50},"end":{"line":95,"column":58}},"32":{"start":{"line":97,"column":6},"end":{"line":103,"column":7}},"33":{"start":{"line":98,"column":8},"end":{"line":102,"column":11}},"34":{"start":{"line":105,"column":26},"end":{"line":108,"column":8}},"35":{"start":{"line":111,"column":6},"end":{"line":117,"column":10}},"36":{"start":{"line":119,"column":6},"end":{"line":122,"column":9}},"37":{"start":{"line":124,"column":6},"end":{"line":124,"column":18}},"38":{"start":{"line":129,"column":4},"end":{"line":137,"column":5}},"39":{"start":{"line":130,"column":21},"end":{"line":130,"column":62}},"40":{"start":{"line":132,"column":6},"end":{"line":134,"column":9}},"41":{"start":{"line":136,"column":6},"end":{"line":136,"column":18}},"42":{"start":{"line":141,"column":4},"end":{"line":152,"column":5}},"43":{"start":{"line":142,"column":26},"end":{"line":142,"column":36}},"44":{"start":{"line":144,"column":23},"end":{"line":144,"column":72}},"45":{"start":{"line":146,"column":6},"end":{"line":149,"column":9}},"46":{"start":{"line":151,"column":6},"end":{"line":151,"column":18}},"47":{"start":{"line":156,"column":4},"end":{"line":174,"column":5}},"48":{"start":{"line":157,"column":26},"end":{"line":157,"column":36}},"49":{"start":{
[...]
:21},"end":{"line":5,"column":47}},"5":{"start":{"line":7,"column":15},"end":{"line":7,"column":31}},"6":{"start":{"line":10,"column":30},"end":{"line":25,"column":1}},"7":{"start":{"line":17,"column":4},"end":{"line":19,"column":5}},"8":{"start":{"line":18,"column":6},"end":{"line":18,"column":59}},"9":{"start":{"line":20,"column":4},"end":{"line":20,"column":16}},"10":{"start":{"line":27,"column":30},"end":{"line":42,"column":1}},"11":{"start":{"line":34,"column":4},"end":{"line":36,"column":5}},"12":{"start":{"line":35,"column":6},"end":{"line":35,"column":59}},"13":{"start":{"line":37,"column":4},"end":{"line":37,"column":16}},"14":{"start":{"line":44,"column":25},"end":{"line":53,"column":1}},"15":{"start":{"line":56,"column":0},"end":{"line":56,"column":80}},"16":{"start":{"line":57,"column":0},"end":{"line":57,"column":64}},"17":{"start":{"line":58,"column":0},"end":{"line":58,"column":44}},"18":{"start":{"line":59,"column":0},"end":{"line":59,"column":82}},"19":{"start":{"line":60,"column":0},"end":{"line":60,"column":62}},"20":{"start":{"line":61,"column":0},"end":{"line":61,"column":71}},"21":{"start":{"line":62,"column":0},"end":{"line":62,"column":75}},"22":{"start":{"line":65,"column":0},"end":{"line":65,"column":46}},"23":{"start":{"line":67,"column":0},"end":{"line":67,"column":24}}},"fnMap":{"0":{"name":"(anonymous_0)","decl":{"start":{"line":16,"column":37},"end":{"line":16,"column":38}},"loc":{"start":{"line":16,"column":57},"end":{"line":21,"column":3}},"line":16},"1":{"name":"(anonymous_1)","decl":{"start":{"line":33,"column":48},"end":{"line":33,"column":49}},"loc":{"start":{"line":33,"column":68},"end":{"line":38,"column":3}},"line":33}},"branchMap":{"0":{"loc":{"start":{"line":17,"column":4},"end":{"line":19,"column":5}},"type":"if","locations":[{"start":{"line":17,"column":4},"end":{"line":19,"column":5}},{"start":{},"end":{}}],"line":17},"1":{"loc":{"start":{"line":34,"column":4},"end":{"line":36,"column":5}},"type":"if","locations":[{"start":{"line":34,"column":4},"end":{"line":36,"column":5}},{"start":{},"end":{}}],"line":34},"2":{"loc":{"start":{"line":34,"column":8},"end":{"line":34,"column":77}},"type":"binary-expr","locations":[{"start":{"line":34,"column":8},"end":{"line":34,"column":26}},{"start":{"line":34,"column":30},"end":{"line":34,"column":77}}],"line":34}},"s":{"0":11,"1":11,"2":11,"3":11,"4":11,"5":11,"6":11,"7":8,"8":0,"9":8,"10":11,"11":0,"12":0,"13":0,"14":11,"15":11,"16":11,"17":11,"18":11,"19":11,"20":11,"21":11,"22":11,"23":11},"f":{"0":8,"1":0},"b":{"0":[0,8],"1":[0,0],"2":[0,0]},"_coverageSchema":"1a1c01bbd47fc00a2c39e90264f33305004495a9","hash":"c227da95cde128b72055772a707b9f767add2e9c"}
,"C:\\Users\\user\\CascadeProjects\\Event-Locator-App---Backend\\src\\routes\\favorites.routes.js": {"path":"C:\\Users\\user\\CascadeProjects\\Event-Locator-App---Backend\\src\\routes\\favorites.routes.js","statementMap":{"0":{"start":{"line":1,"column":16},"end":{"line":1,"column":34}},"1":{"start":{"line":2,"column":18},"end":{"line":2,"column":46}},"2":{"start":{"line":3,"column":23},"end":{"line":3,"column":63}},"3":{"start":{"line":4,"column":28},"end":{"line":4,"column":74}},"4":{"start":{"line":6,"column":15},"end":{"line":6,"column":31}},"5":{"start":{"line":9,"column":26},"end":{"line":11,"column":1}},"6":{"start":{"line":14,"column":0},"end":{"line":14,"column":66}},"7":{"start":{"line":15,"column":0},"end":{"line":15,"column":93}},"8":{"start":{"line":16,"column":0},"end":{"line":16,"column":98}},"9":{"start":{"line":18,"column":0},"end":{"line":18,"column":24}}},"fnMap":{},"branchMap":{},"s":{"0":11,"1":11,"2":11,"3":11,"4":11,"5":11,"6":11,"7":11,"8":11,"9":11},"f":{},"b":{},"_coverageSchema":"1a1c01bbd47fc00a2c39e90264f33305004495a9","hash":"dacd39779da0d61188298384736a3ae6a9f9d21f"}
,"C:\\Users\\user\\CascadeProjects\\Event-Locator-App---Backend\\src\\routes\\notification.routes.js": {"path":"C:\\Users\\user\\CascadeProjects\\Event-Locator-App---Backend\\src\\routes\\notification.routes.js","statementMap":{"0":{"start":{"line":1,"column":16},"end":{"line":1,"column":34}},"1":{"start":{"line":2,"column":18},"end":{"line":2,"column":46}},"2":{"start":{"line":3,"column":31},"end":{"line":3,"column":80}},"3":{"start":{"line":4,"column":23},"end":{"line":4,"column":63}},"4":{"start":{"line":6,"column":15},"end":{"line":6,"column":31}},"5":{"start":{"line":9,"column":36},"end":{"line":12,"column":1}},"6":{"start":{"line":15,"column":0},"end":{"line":15,"column":106}},"7":{"start":{"line":17,"column":0},"end":{"line":17,"column":24}}},"fnMap":{},"branchMap":{},"s":{"0":11,"1":11,"2":11,"3":11,"4":11,"5":11,"6":11,"7":11},"f":{},"b":{},"_coverageSchema":"1a1c01bbd47fc00a2c39e90264f33305004495a9","hash":"cf71ab494bfb0ac1c062716bd7585bb25c7c2ca8"}
,"C:\\Users\\user\\CascadeProjects\\Event-Locator-App---Backend\\src\\routes\\rating.routes.js": {"path":"C:\\Users\\user\\CascadeProjects\\Event-Locator-App---Backend\\src\\routes\\rating.routes.js","statementMap":{"0":{"start":{"line":1,"column":16},"end":{"line":1,"column":34}},"1":{"start":{"line":2,"column":24},"end":{"line":2,"column":52}},"2":{"start":{"line":3,"column":25},"end":{"line":3,"column":68}},"3":{"start":{"line":4,"column":23},"end":{"line":4,"column":63}},"4":{"start":{"line":6,"column":15},"end":{"line":6,"column":52}},"5":{"start":{"line":9,"column":31},"end":{"line":12,"column":1}},"6":{"start":{"line":14,"column":30},"end":{"line":17,"column":1}},"7":{"start":{"line":20,"column":0},"end":{"line":20,"column":90}},"8":{"start":{"line":21,"column":0},"end":{"line":21,"column":73}},"9":{"start":{"line":22,"column":0},"end":{"line":22,"column":68}},"10":{"start":{"line":23,"column":0},"end":{"line":23,"column":66}},"11":{"start":{"line":25,"column":0},"end":{"line":25,"column":24}}},"fnMap":{},"branchMap":{},"s":{"0":11,"1":11,"2":11,"3":11,"4":11,"5":11,"6":11,"7":11,"8":11,"9":11,"10":11,"11":11},"f":{},"b":{},"_coverageSchema":"1a1c01bbd47fc00a2c39e90264f33305004495a9","hash":"7c7e46d9dcf298dd17dacdfd53b7f08cb1c88b3a"}
,"C:\\Users\\user\\CascadeProjects\\Event-Locator-App---Backend\\src\\routes\\user.routes.js": {"path":"C:\\Users\\user\\CascadeProjects\\Event-Locator-App---Backend\\src\\routes\\user.routes.js","statementMap":{"0":{"start":{"line":1,"column":16},"end":{"line":1,"column":34}},"1":{"start":{"line":2,"column":17},"end":{"line":2,"column":45}},"2":{"start":{"line":3,"column":23},"end":{"line":3,"column":64}},"3":{"start":{"line":4,"column":23},"end":{"line":4,"column":63}},"4":{"start":{"line":6,"column":15},"end":{"line":6,"column":31}},"5":{"start":{"line":9,"column":32},"end":{"line":14,"column":1}},"6":{"start":{"line":16,"column":36},"end":{"line":20,"column":1}},"7":{"start":{"line":23,"column":0},"end":{"line":23,"column":66}},"8":{"start":{"line":24,"column":0},"end":{"line":24,"column":94}},"9":{"start":{"line":27,"column":0},"end":{"line":27,"column":74}},"10":{"start":{"line":28,"column":0},"end":{"line":28,"column":106}},"11":{"start":{"line":31,"column":0},"end":{"line":31,"column":85}},"12":{"start":{"line":32,"column":0},"end":{"line":32,"column":82}},"13":{"start":{"line":33,"column":0},"end":{"line":33,"column":90}},"14":{"start":{"line":34,"column":0},"end":{"line":34,"column":95}},"15":{"start":{"line":36,"column":0},"end":{"line":36,"column":24}}},"fnMap":{},"branchMap":{},"s":{"0":11,"1":11,"2":11,"3":11,"4":11,"5":11,"6":11,"7":11,"8":11,"9":11,"10":11,"11":11,"12":11,"13":11,"14":11,"15":11},"f":{},"b":{},"_coverageSchema":"1a1c01bbd47fc00a2c39e90264f33305004495a9","hash":"ed8343d3012e299345cab2a18d2a26158ea140e7"}
,"C:\\Users\\user\\CascadeProjects\\Event-Locator-App---Backend\\src\\services\\notification.service.js": {"path":"C:\\Users\\user\\CascadeProjects\\Event-Locator-App---Backend\\src\\services\\notification.service.js","statementMap":{"0":{"start":{"line":1,"column":11},"end":{"line":1,"column":40}},"1":{"start":{"line":2,"column":20},"end":{"line":2,"column":46}},"2":{"start":{"line":3,"column":15},"end":{"line":3,"column":42}},"3":{"start":{"line":7,"column":4},"end":{"line":94,"column":5}},"4":{"start":{"line":8,"column":6},"end":{"line":8,"column":72}},"5":{"start":{"line":11,"column":20},"end":{"line":56,"column":10}},"6":{"start":{"line":58,"column":38},"end":{"line":58,"column":59}},"7":{"start":{"line":59,"column":6},"end":{"line":59,"column":73}},"8":{"start":{"line":62,"column":6},"end":{"line":88,"column":7}},"9":{"start":{"line":63,"column":24},"end":{"line":77,"column":9}},"10":{"start":{"line":79,"column":8},"end":{"line":79,"column":76}},"11":{"start":{"line":80,"column":8},"end":{"line":80,"column":102}},"12":{"start":{"line":83,"column":8},"end":{"line":87,"column":10}},"13":{"start":{"line":90,"column":6},"end":{"line":90,"column":34}},"14":{"start":{"line":92,"column":6},"end":{"line":92,"column":61}},"15":{"start":{"line":93,"column":6},"end":{"line":93,"column":18}},"16":{"start":{"line":98,"column":4},"end":{"line":137,"column":5}},"17":{"start":{"line":99,"column":6},"end":{"line":99,"column":52}},"18":{"start":{"line":101,"column":25},"end":{"line":101,"column":48}},"19":{"start":{"line":104,"column":6},"end":{"line":117,"column":9}},"20":{"start":{"line":105,"column":8},"end":{"line":116,"column":9}},"21":{"start":{"line":106,"column":23},"end":{"line":106,"column":42}},"22":{"start":{"line":107,"column":10},"end":{"line":107,"column":62}},"23":{"start":{"line":109,"column":10},"end":{"line":113,"column":11}},"24":{"start":{"line":110,"column":12},"end":{"line":110,"column":64}},"25":{"start":{"line":111,"column":17},"end":{"line":113,"column":11}},"26":{"start":{"line":112,"column":12},"end":{"line":112,"column":68}},"27":{"start":{"line":115,"column":10},"end":{"line":115,"column":65}},"28":{"start":{"line":120,"column":6},"end":{"line":131,"column":9}},"29":{"start":{"line":121,"column":8},"end":{"line":130,"column":9}},"30":{"start":{"line":122,"column":23},"end":{"line":122,"column":42}},"31":{"start":{"line":123,"column":10},"end":{"line":123,"column":73}},"32":{"start":{"line":125,"column":10},"end":{"line":127,"column":11}},"33":{"start":{"line":126,"column":12},"end":{"line":126,"column":74}},"34":{"start":{"line":129,"column":10},"end":{"line":129,"column":76}},"35":{"start":{"line":133,"column":6},"end":{"line":133,"column":64}},"36":{"start":{"line":135,"column":6},"end":{"line":135,"column":67}},"37":{"start":{"line":136,"column":6},"end":{"line":136,"column":18}},"38":{"start":{"line":141,"column":4},"end":{"line":198,"column":5}},"39":{"start":{"line":142,"column":6},"end":{"line":142,"column":55}},"40":{"start":{"line":145,"column":20},"end":{"line":165,"column":60}},"41":{"start":{"line":167,"column":40},"end":{"line":171,"column":8}},"42":{"start":{"line":173,"column":6},"end":{"line":173,"column":92}},"43":{"start":{"line":176,"column":6},"end":{"line":192,"column":7}},"44":{"start":{"line":177,"column":24},"end":{"line":188,"column":9}},"45":{"start":{"line":190,"column":8},"end":{"line":190,"column":76}},"46":{"start":{"line":191,"column":8},"end":{"line":191,"column":97}},"47":{"start":{"line":194,"column":6},"end":{"line":194,"column":36}},"48":{"start":{"line":196,"column":6},"end":{"line":196,"column":67}},"49":{"start":{"line":197,"column":6},"end":{"line":197,"column":18}},"50":{"start":{"line":204,"column":4},"end":{"line":204,"column":57}},"51":{"start":{"line":205,"column":4},"end":{"line":205,"column":13}},"52":{"start":{"line":211,"column":4},"end":{"line":211,"column":75}},"53":{"start":{"line":212,"column":4},"end":{"line":212,"column":13}},"54":{"start":{"line":216,"column":18},"end":{"line":235,"column":25}},"55":{"start":{"line":237,"column":21},"end":{"line":237,"column":67}},"56":{"start":{"line":238,"column":4},"end":{"line":238,"column":16}},"57":{"start":{"line":242,"column":0},"end":{"line":242,"column":37}}},"fnMap":{"0":{"name":"(anonymous_0)","decl":{"start":{"line":6,"column":2},"end":{"line":6,"column":3}},"loc":{"start":{"line":6,"column":37},"end":{"line":95,"column":3}},"line":6},"1":{"name":"(anonymous_1)","decl":{"start":{"line":97,"column":2},"end":{"line":97,"column":3}},"loc":{"start":{"line":97,"column":33},"end":{"line":138,"column":3}},"line":97},"2":{"name":"(anonymous_2)","decl":{"start":{"line":104,"column":43},"end":{"line":104,"column":44}},"loc":{"start":{"line":104,"column":62},"end":{"line":117,"column":7}},"line":104},"3":{"name":"(anonymous_3)","decl":{"start":{"line":120,"column":53},"end":{"line":120,"column":54}},"loc":{"start":{"line":120,"column":72},"end":{"line":131,"column":7}},"line":120},"4":{"name":"(anonymous_4)","decl":{"start":{"line":140,"column":2},"end":{"line":140,"column":3}},"loc":{"start":{"line":140,"column":37},"end":{"line":199,"column":3}},"line":140},"5":{"name":"(anonymous_5)","decl":{"start":{"line":201,"column":2},"end":{"line":201,"column":3}},"loc":{"start":{"line":201,"column":41},"end":{"line":206,"column":3}},"line":201},"6":{"name":"(anonymous_6)","decl":{"start":{"line":208,"column":2},"end":{"line":208,"column":3}},"loc":{"start":{"line":208,"column":46},"end":{"line":213,"column":3}},"line":208},"7":{"name":"(anonymous_7)","decl":{"start":{"line":215,"column":2},"end":{"line":215,"column":3}},"loc":{"start":{"line":215,"column":68},"end":{"line":239,"column":3}},"line":215}},"branchMap":{"0":{"loc":{"start":{"line":73,"column":26},"end":{"line":75,"column":45}},"type":"cond-expr","locations":[{"start":{"line":74,"column":16},"end":{"line":74,"column":45}},{"start":{"line":75,"column":16},"end":{"line":75,"column":45}}],"line":73},"1":{"loc":{"start":{"line":109,"column":10},"end":{"line":113,"column":11}},"type":"if","locations":[{"start":{"line":109,"column":10},"end":{"line":113,"column":11}},{"start":{"line":111,"column":17},"end":{"line":113,"column":11}}],"line":109},"2":{"loc":{"start":{"line":111,"column":17},"end":{"line":113,"column":11}},"type":"if","locations":[{"start":{"line":111,"column":17},"end":{"line":113,"column":11}},{"start":{},"end":{}}],"line":111},"3":{"loc":{"start":{"line":125,"column":10},"end":{"line":127,"column":11}},"type":"if","locations":[{"start":{"line":125,"column":10},"end":{"line":127,"column":11}},{"start":{},"end":{}}],"line":125},"4":{"loc":{"start":{"line":215,"column":44},"end":{"line":215,"column":54}},"type":"default-arg","locations":[{"start":{"line":215,"column":52},"end":{"line":215,"column":54}}],"line":215},"5":{"loc":{"start":{"line":215,"column":56},"end":{"line":215,"column":66}},"type":"default-arg","locations":[{"start":{"line":215,"column":65},"end":{"line":215,"column":66}}],"line":215}},"s":{"0":11,"1":11,"2":11,"3":0,"4":0,"5":0,"6":0,"7":0,"8":0,"9":0,"10":0,"11":0,"12":0,"13":0,"14":0,"15":0,"16":0,"17":0,"18":0,"19":0,"20":0,"21":0,"22":0,"23":0,"24":0,"25":0,"26":0,"27":0,"28":0,"29":0,"30":0,"31":0,"32":0,"33":0,"34":0,"35":0,"36":0,"37":0,"38":0,"39":0,"40":0,"41":0,"42":0,"43":0,"44":0,"45":0,"46":0,"47":0,"48":0,"49":0,"50":0,"51":0,"52":0,"53":0,"54":0,"55":0,"56":0,"57":11},"f":{"0":0,"1":0,"2":0,"3":0,"4":0,"5":0,"6":0,"7":0},"b":{"0":[0,0],"1":[0,0],"2":[0,0],"3":[0,0],"4":[0],"5":[0]},"_coverageSchema":"1a1c01bbd47fc00a2c39e90264f33305004495a9","hash":"7041662b03f3db2c2dda14e303e0e57963cb441b"}
,"C:\\Users\\user\\CascadeProjects\\Event-Locator-App---Backend\\src\\swagger\\auth.js": {"path":"C:\\Users\\user\\CascadeProjects\\Event-Locator-App---Backend\\src\\swagger\\auth.js","statementMap":{},"fnMap":{},"branchMap":{},"s":{},"f":{},"b":{}}
,"C:\\Users\\user\\CascadeProjects\\Event-Locator-App---Backend\\src\\swagger\\events.js": {"path":"C:\\Users\\user\\CascadeProjects\\Event-Locator-App---Backend\\src\\swagger\\events.js","statementMap":{},"fnMap":{},"branchMap":{},"s":{},"f":{},"b":{}}
,"C:\\Users\\user\\CascadeProjects\\Event-Locator-App---Backend\\src\\swagger\\models.js": {"path":"C:\\Users\\user\\CascadeProjects\\Event-Locator-App---Backend\\src\\swagger\\models.js","statementMap":{},"fnMap":{},"branchMap":{},"s":{},"f":{},"b":{}}
,"C:\\Users\\user\\CascadeProjects\\Event-Locator-App---Backend\\src\\swagger\\notifications.js": {"path":"C:\\Users\\user\\CascadeProjects\\Event-Locator-App---Backend\\src\\swagger\\notifications.js","statementMap":{},"fnMap":{},"branchMap":{},"s":{},"f":{},"b":{}}
,"C:\\Users\\user\\CascadeProjects\\Event-Locator-App---Backend\\src\\swagger\\ratings.js": {"path":"C:\\Users\\user\\CascadeProjects\\Event-Locator-App---Backend\\src\\swagger\\ratings.js","statementMap":{},"fnMap":{},"branchMap":{},"s":{},"f":{},"b":{}}
,"C:\\Users\\user\\CascadeProjects\\Event-Locator-App---Backend\\src\\utils\\apiResponse.js": {"path":"C:\\Users\\user\\CascadeProjects\\Event-Locator-App---Backend\\src\\utils\\apiResponse.js","statementMap":{"0":{"start":{"line":13,"column":16},"end":{"line":18,"column":2}},"1":{"start":{"line":13,"column":63},"end":{"line":18,"column":1}},"2":{"start":{"line":29,"column":14},"end":{"line":37,"column":2}},"3":{"start":{"line":29,"column":65},"end":{"line":37,"column":1}},"4":{"start":{"line":39,"column":0},"end":{"line":42,"column":2}}},"fnMap":{"0":{"name":"(anonymous_0)","decl":{"start":{"line":13,"column":16},"end":{"line":13,"column":17}},"loc":{"start":{"line":13,"column":63},"end":{"line":18,"column":1}},"line":13},"1":{"name":"(anonymous_1)","decl":{"start":{"line":29,"column":14},"end":{"line":29,"column":15}},"loc":{"start":{"line":29,"column":65},"end":{"line":37,"column":1}},"line":29}},"branchMap":{"0":{"loc":{"start":{"line":13,"column":28},"end":{"line":13,"column":37}},"type":"default-arg","locations":[{"start":{"line":13,"column":35},"end":{"line":13,"column":37}}],"line":13},"1":{"loc":{"start":{"line":13,"column":39},"end":{"line":13,"column":55}},"type":"default-arg","locations":[{"start":{"line":13,"column":52},"end":{"line":13,"column":55}}],"line":13},"2":{"loc":{"start":{"line":29,"column":41},"end":{"line":29,"column":57}},"type":"default-arg","locations":[{"start":{"line":29,"column":54},"end":{"line":29,"column":57}}],"line":29},"3":{"loc":{"start":{"line":34,"column":8},"end":{"line":34,"column":30}},"type":"binary-expr","locations":[{"start":{"line":34,"column":8},"end":{"line":34,"column":15}},{"start":{"line":34,"column":19},"end":{"line":34,"column":30}}],"line":34}},"s":{"0":11,"1":18,"2":11,"3":35,"4":11},"f":{"0":18,"1":35},"b":{"0":[0],"1":[0],"2":[0],"3":[35,1]},"_coverageSchema":"1a1c01bbd47fc00a2c39e90264f33305004495a9","hash":"576ab2c0de47c519e7fdd2a29e928c8c3de147cf"}
,"C:\\Users\\user\\CascadeProjects\\Event-Locator-App---Backend\\src\\workers\\notification.worker.js": {"path":"C:\\Users\\user\\CascadeProjects\\Event-Locator-App---Backend\\src\\workers\\notification.worker.js","statementMap":{"0":{"start":{"line":1,"column":0},"end":{"line":1,"column":27}},"1":{"start":{"line":2,"column":28},"end":{"line":2,"column":71}},"2":{"start":{"line":5,"column":2},"end":{"line":11,"column":3}},"3":{"start":{"line":6,"column":4},"end":{"line":6,"column":51}},"4":{"start":{"line":7,"column":30},"end":{"line":7,"column":77}},"5":{"start":{"line":8,"column":4},"end":{"line":8,"column":59}},"6":{"start":{"line":10,"column":4},"end":{"line":10,"column":58}},"7":{"start":{"line":15,"column":17},"end":{"line":15,"column":31}},"8":{"start":{"line":17,"column":0},"end":{"line":23,"column":1}},"9":{"start":{"line":18,"column":2},"end":{"line":18,"column":49}},"10":{"start":{"line":20,"column":2},"end":{"line":20,"column":26}},"11":{"start":{"line":22,"column":2},"end":{"line":22,"column":47}}},"fnMap":{"0":{"name":"runNotificationWorker","decl":{"start":{"line":4,"column":15},"end":{"line":4,"column":36}},"loc":{"start":{"line":4,"column":39},"end":{"line":12,"column":1}},"line":4}},"branchMap":{"0":{"loc":{"start":{"line":17,"column":0},"end":{"line":23,"column":1}},"type":"if","locations":[{"start":{"line":17,"column":0},"end":{"line":23,"column":1}},{"start":{},"end":{}}],"line":17}},"s":{"0":0,"1":0,"2":0,"3":0,"4":0,"5":0,"6":0,"7":0,"8":0,"9":0,"10":0,"11":0},"f":{"0":0},"b":{"0":[0,0]}}
}
