TN:
SF:src\app.js
FN:17,(anonymous_0)
FN:24,(anonymous_1)
FN:35,(anonymous_2)
FN:45,(anonymous_3)
FN:47,(anonymous_4)
FN:69,(anonymous_5)
FN:90,(anonymous_6)
FN:100,(anonymous_7)
FNF:8
FNH:2
FNDA:11,(anonymous_0)
FNDA:0,(anonymous_1)
FNDA:87,(anonymous_2)
FNDA:0,(anonymous_3)
FNDA:0,(anonymous_4)
FNDA:0,(anonymous_5)
FNDA:0,(anonymous_6)
FNDA:0,(anonymous_7)
DA:1,11
DA:2,11
DA:3,11
DA:4,11
DA:5,11
DA:6,11
DA:7,11
DA:8,11
DA:9,11
DA:10,11
DA:11,11
DA:13,11
DA:16,11
DA:18,11
DA:19,11
DA:21,0
DA:25,0
DA:29,11
DA:30,11
DA:31,11
DA:32,11
DA:35,11
DA:36,87
DA:41,87
DA:45,11
DA:46,0
DA:47,0
DA:48,0
DA:49,0
DA:50,0
DA:54,0
DA:55,0
DA:59,11
DA:62,11
DA:63,11
DA:64,11
DA:65,11
DA:66,11
DA:69,11
DA:70,0
DA:71,0
DA:72,0
DA:79,0
DA:87,11
DA:90,11
DA:91,0
DA:95,11
DA:98,11
DA:99,0
DA:100,0
DA:101,0
DA:102,0
DA:103,0
DA:104,0
DA:108,11
LF:55
LH:35
BRDA:18,0,0,11
BRDA:18,0,1,0
BRDA:39,1,0,48
BRDA:39,1,1,39
BRDA:48,2,0,0
BRDA:48,2,1,0
BRDA:54,3,0,0
BRDA:54,3,1,0
BRDA:75,4,0,0
BRDA:75,4,1,0
BRDA:98,5,0,0
BRDA:98,5,1,11
BRDA:99,6,0,0
BRDA:99,6,1,0
BRF:14
BRH:4
end_of_record
TN:
SF:src\config\database.js
FN:32,(anonymous_0)
FN:36,(anonymous_1)
FN:39,(anonymous_2)
FN:49,(anonymous_3)
FN:73,(anonymous_4)
FN:96,(anonymous_5)
FN:97,(anonymous_6)
FNF:7
FNH:5
FNDA:0,(anonymous_0)
FNDA:32,(anonymous_1)
FNDA:32,(anonymous_2)
FNDA:11,(anonymous_3)
FNDA:292,(anonymous_4)
FNDA:5,(anonymous_5)
FNDA:0,(anonymous_6)
DA:1,11
DA:2,11
DA:5,11
DA:8,11
DA:9,0
DA:19,11
DA:32,11
DA:33,0
DA:36,11
DA:37,32
DA:39,32
DA:40,32
DA:41,0
DA:43,32
DA:49,11
DA:51,11
DA:52,11
DA:55,11
DA:56,11
DA:57,11
DA:59,0
DA:62,11
DA:63,11
DA:65,0
DA:66,0
DA:68,11
DA:73,11
DA:74,292
DA:75,292
DA:76,292
DA:77,272
DA:79,272
DA:80,0
DA:83,272
DA:85,20
DA:90,20
DA:94,11
DA:96,5
DA:97,0
LF:39
LH:31
BRDA:5,0,0,11
BRDA:5,0,1,0
BRDA:8,1,0,0
BRDA:8,1,1,11
BRDA:10,2,0,0
BRDA:10,2,1,0
BRDA:11,3,0,0
BRDA:11,3,1,0
BRDA:12,4,0,0
BRDA:12,4,1,0
BRDA:13,5,0,0
BRDA:13,5,1,0
BRDA:20,6,0,11
BRDA:20,6,1,0
BRDA:21,7,0,11
BRDA:21,7,1,0
BRDA:22,8,0,11
BRDA:22,8,1,0
BRDA:23,9,0,11
BRDA:23,9,1,0
BRDA:40,10,0,0
BRDA:40,10,1,32
BRDA:56,11,0,11
BRDA:56,11,1,0
BRDA:56,12,0,11
BRDA:56,12,1,11
BRDA:62,13,0,11
BRDA:62,13,1,0
BRDA:68,14,0,11
BRDA:68,14,1,0
BRDA:79,15,0,0
BRDA:79,15,1,272
BRDA:79,16,0,272
BRDA:79,16,1,0
BRF:34
BRH:14
end_of_record
TN:
SF:src\config\i18n.js
FNF:0
FNH:0
DA:1,0
DA:2,0
DA:3,0
DA:5,0
DA:20,0
LF:5
LH:0
BRDA:8,0,0,0
BRDA:8,0,1,0
BRF:2
BRH:0
end_of_record
TN:
SF:src\config\redis.js
FN:11,(anonymous_0)
FN:25,(anonymous_1)
FN:45,(anonymous_2)
FN:50,(anonymous_3)
FN:56,(anonymous_4)
FN:60,(anonymous_5)
FN:64,(anonymous_6)
FN:68,(anonymous_7)
FN:72,(anonymous_8)
FN:78,(anonymous_9)
FNF:10
FNH:0
FNDA:0,(anonymous_0)
FNDA:0,(anonymous_1)
FNDA:0,(anonymous_2)
FNDA:0,(anonymous_3)
FNDA:0,(anonymous_4)
FNDA:0,(anonymous_5)
FNDA:0,(anonymous_6)
FNDA:0,(anonymous_7)
FNDA:0,(anonymous_8)
FNDA:0,(anonymous_9)
DA:1,0
DA:2,0
DA:5,0
DA:6,0
DA:11,0
DA:19,0
DA:22,0
DA:26,0
DA:28,0
DA:29,0
DA:31,0
DA:33,0
DA:34,0
DA:37,0
DA:43,0
DA:45,0
DA:46,0
DA:50,0
DA:51,0
DA:55,0
DA:57,0
DA:58,0
DA:61,0
DA:62,0
DA:65,0
DA:66,0
DA:69,0
DA:70,0
DA:72,0
DA:77,0
DA:79,0
DA:80,0
DA:81,0
DA:83,0
DA:86,0
DA:87,0
DA:98,0
LF:37
LH:0
BRDA:5,0,0,0
BRDA:5,0,1,0
BRDA:23,1,0,0
BRDA:23,1,1,0
BRDA:24,2,0,0
BRDA:24,2,1,0
BRDA:26,3,0,0
BRDA:26,3,1,0
BRDA:26,4,0,0
BRDA:26,4,1,0
BRDA:31,5,0,0
BRDA:31,5,1,0
BRDA:80,6,0,0
BRDA:80,6,1,0
BRDA:90,7,0,0
BRDA:90,7,1,0
BRDA:91,8,0,0
BRDA:91,8,1,0
BRDA:92,9,0,0
BRDA:92,9,1,0
BRDA:93,10,0,0
BRDA:93,10,1,0
BRF:22
BRH:0
end_of_record
TN:
SF:src\config\swagger.js
FN:55,(anonymous_0)
FN:60,(anonymous_1)
FNF:2
FNH:1
FNDA:11,(anonymous_0)
FNDA:0,(anonymous_1)
DA:4,11
DA:5,11
DA:8,11
DA:53,11
DA:55,11
DA:57,11
DA:60,11
DA:61,0
DA:62,0
DA:65,11
DA:68,11
LF:11
LH:9
BRF:0
BRH:0
end_of_record
TN:
SF:src\controllers\auth.controller.js
FN:9,(anonymous_0)
FN:96,(anonymous_1)
FN:177,(anonymous_2)
FNF:3
FNH:2
FNDA:19,(anonymous_0)
FNDA:6,(anonymous_1)
FNDA:0,(anonymous_2)
DA:1,11
DA:2,11
DA:3,11
DA:4,11
DA:5,11
DA:6,11
DA:10,19
DA:11,19
DA:12,19
DA:13,1
DA:21,18
DA:24,18
DA:25,18
DA:26,18
DA:28,18
DA:29,3
DA:30,3
DA:39,15
DA:49,12
DA:56,12
DA:58,12
DA:74,3
DA:77,3
DA:78,3
DA:87,0
DA:97,6
DA:98,6
DA:99,6
DA:100,0
DA:108,6
DA:111,6
DA:114,6
DA:115,6
DA:117,6
DA:118,1
DA:119,1
DA:128,5
DA:129,5
DA:130,4
DA:131,4
DA:140,1
DA:147,1
DA:149,1
DA:165,0
DA:168,0
DA:178,0
DA:179,0
DA:180,0
DA:181,0
DA:190,0
DA:191,0
DA:193,0
DA:195,0
DA:204,0
DA:205,0
DA:210,11
LF:56
LH:42
BRDA:12,0,0,1
BRDA:12,0,1,18
BRDA:14,1,0,1
BRDA:14,1,1,0
BRDA:28,2,0,3
BRDA:28,2,1,15
BRDA:31,3,0,3
BRDA:31,3,1,0
BRDA:52,4,0,12
BRDA:52,4,1,0
BRDA:59,5,0,12
BRDA:59,5,1,0
BRDA:77,6,0,3
BRDA:77,6,1,0
BRDA:79,7,0,3
BRDA:79,7,1,0
BRDA:88,8,0,0
BRDA:88,8,1,0
BRDA:90,9,0,0
BRDA:90,9,1,0
BRDA:99,10,0,0
BRDA:99,10,1,6
BRDA:101,11,0,0
BRDA:101,11,1,0
BRDA:117,12,0,1
BRDA:117,12,1,5
BRDA:120,13,0,1
BRDA:120,13,1,0
BRDA:129,14,0,4
BRDA:129,14,1,1
BRDA:132,15,0,4
BRDA:132,15,1,0
BRDA:143,16,0,1
BRDA:143,16,1,0
BRDA:150,17,0,1
BRDA:150,17,1,0
BRDA:169,18,0,0
BRDA:169,18,1,0
BRDA:171,19,0,0
BRDA:171,19,1,0
BRDA:180,20,0,0
BRDA:180,20,1,0
BRDA:184,21,0,0
BRDA:184,21,1,0
BRDA:197,22,0,0
BRDA:197,22,1,0
BRF:46
BRH:19
end_of_record
TN:
SF:src\controllers\event.controller.js
FN:7,(anonymous_0)
FN:60,(anonymous_1)
FN:177,(anonymous_2)
FN:196,(anonymous_3)
FN:247,(anonymous_4)
FN:287,(anonymous_5)
FN:357,(anonymous_6)
FNF:7
FNH:7
FNDA:8,(anonymous_0)
FNDA:6,(anonymous_1)
FNDA:2,(anonymous_2)
FNDA:1,(anonymous_3)
FNDA:1,(anonymous_4)
FNDA:10,(anonymous_5)
FNDA:2,(anonymous_6)
DA:1,11
DA:2,11
DA:3,11
DA:4,11
DA:8,8
DA:9,8
DA:10,8
DA:11,3
DA:20,5
DA:21,0
DA:29,5
DA:35,5
DA:37,5
DA:40,3
DA:41,3
DA:46,0
DA:50,3
DA:55,2
DA:56,2
DA:61,6
DA:71,6
DA:73,6
DA:76,6
DA:96,6
DA:97,4
DA:105,6
DA:112,6
DA:113,6
DA:116,6
DA:117,4
DA:118,4
DA:123,4
DA:127,6
DA:128,2
DA:129,2
DA:130,2
DA:134,6
DA:135,0
DA:136,0
DA:137,0
DA:140,6
DA:141,0
DA:142,0
DA:143,0
DA:147,6
DA:148,4
DA:150,2
DA:154,6
DA:155,6
DA:157,6
DA:158,6
DA:160,6
DA:162,5
DA:167,1
DA:168,1
DA:178,2
DA:179,2
DA:180,1
DA:181,1
DA:188,0
DA:192,1
DA:197,1
DA:198,1
DA:199,1
DA:200,0
DA:208,1
DA:209,0
DA:210,0
DA:217,0
DA:218,0
DA:225,0
DA:228,0
DA:229,0
DA:234,0
DA:238,0
DA:243,1
DA:248,1
DA:249,1
DA:250,0
DA:251,0
DA:258,0
DA:259,0
DA:266,0
DA:269,0
DA:270,0
DA:275,0
DA:279,0
DA:283,1
DA:288,10
DA:290,10
DA:291,0
DA:298,10
DA:299,10
DA:301,10
DA:304,10
DA:305,8
DA:306,4
DA:314,4
DA:317,0
DA:318,0
DA:327,0
DA:331,0
DA:336,6
DA:339,6
DA:340,0
DA:345,6
DA:346,0
DA:353,6
DA:358,2
DA:359,2
DA:360,2
DA:361,2
DA:369,0
DA:370,0
DA:375,0
DA:379,0
DA:383,0
DA:388,11
LF:118
LH:78
BRDA:10,0,0,3
BRDA:10,0,1,5
BRDA:13,1,0,3
BRDA:13,1,1,0
BRDA:20,2,0,0
BRDA:20,2,1,5
BRDA:20,3,0,5
BRDA:20,3,1,5
BRDA:23,4,0,0
BRDA:23,4,1,0
BRDA:51,5,0,3
BRDA:51,5,1,0
BRDA:69,6,0,6
BRDA:70,7,0,6
BRDA:96,8,0,4
BRDA:96,8,1,2
BRDA:96,9,0,6
BRDA:96,9,1,4
BRDA:96,9,2,4
BRDA:116,10,0,4
BRDA:116,10,1,2
BRDA:116,11,0,6
BRDA:116,11,1,4
BRDA:116,11,2,4
BRDA:127,12,0,2
BRDA:127,12,1,4
BRDA:134,13,0,0
BRDA:134,13,1,6
BRDA:140,14,0,0
BRDA:140,14,1,6
BRDA:147,15,0,4
BRDA:147,15,1,2
BRDA:147,16,0,6
BRDA:147,16,1,4
BRDA:147,16,2,4
BRDA:163,17,0,5
BRDA:163,17,1,0
BRDA:169,18,0,1
BRDA:169,18,1,0
BRDA:171,19,0,0
BRDA:171,19,1,1
BRDA:180,20,0,1
BRDA:180,20,1,0
BRDA:183,21,0,1
BRDA:183,21,1,0
BRDA:199,22,0,0
BRDA:199,22,1,1
BRDA:202,23,0,0
BRDA:202,23,1,0
BRDA:209,24,0,0
BRDA:209,24,1,0
BRDA:212,25,0,0
BRDA:212,25,1,0
BRDA:217,26,0,0
BRDA:217,26,1,0
BRDA:220,27,0,0
BRDA:220,27,1,0
BRDA:239,28,0,0
BRDA:239,28,1,0
BRDA:250,29,0,0
BRDA:250,29,1,0
BRDA:253,30,0,0
BRDA:253,30,1,0
BRDA:258,31,0,0
BRDA:258,31,1,0
BRDA:261,32,0,0
BRDA:261,32,1,0
BRDA:280,33,0,0
BRDA:280,33,1,0
BRDA:290,34,0,0
BRDA:290,34,1,10
BRDA:290,35,0,10
BRDA:290,35,1,10
BRDA:293,36,0,0
BRDA:293,36,1,0
BRDA:305,37,0,4
BRDA:305,37,1,4
BRDA:308,38,0,4
BRDA:308,38,1,0
BRDA:332,39,0,0
BRDA:332,39,1,0
BRDA:339,40,0,0
BRDA:339,40,1,6
BRDA:342,41,0,0
BRDA:342,41,1,0
BRDA:345,42,0,0
BRDA:345,42,1,6
BRDA:348,43,0,0
BRDA:348,43,1,0
BRDA:360,44,0,2
BRDA:360,44,1,0
BRDA:363,45,0,2
BRDA:363,45,1,0
BRDA:380,46,0,0
BRDA:380,46,1,0
BRF:95
BRH:44
end_of_record
TN:
SF:src\controllers\favorites.controller.js
FN:8,(anonymous_0)
FN:24,(anonymous_1)
FN:57,(anonymous_2)
FN:122,(anonymous_3)
FNF:4
FNH:0
FNDA:0,(anonymous_0)
FNDA:0,(anonymous_1)
FNDA:0,(anonymous_2)
FNDA:0,(anonymous_3)
DA:1,11
DA:2,11
DA:3,11
DA:8,11
DA:9,0
DA:10,0
DA:13,0
DA:21,0
DA:24,0
DA:25,0
DA:30,0
DA:32,0
DA:39,0
DA:44,0
DA:45,0
DA:57,11
DA:58,0
DA:60,0
DA:61,0
DA:62,0
DA:71,0
DA:72,0
DA:75,0
DA:76,0
DA:78,0
DA:79,0
DA:88,0
DA:89,0
DA:91,0
DA:92,0
DA:101,0
DA:102,0
DA:104,0
DA:109,0
DA:110,0
DA:122,11
DA:123,0
DA:125,0
DA:126,0
DA:127,0
DA:136,0
DA:137,0
DA:140,0
DA:141,0
DA:143,0
DA:144,0
DA:153,0
DA:154,0
DA:156,0
DA:161,0
DA:162,0
LF:51
LH:6
BRDA:34,0,0,0
BRDA:34,0,1,0
BRDA:61,1,0,0
BRDA:61,1,1,0
BRDA:78,2,0,0
BRDA:78,2,1,0
BRDA:91,3,0,0
BRDA:91,3,1,0
BRDA:126,4,0,0
BRDA:126,4,1,0
BRDA:143,5,0,0
BRDA:143,5,1,0
BRF:12
BRH:0
end_of_record
TN:
SF:src\controllers\notification.controller.js
FN:5,(anonymous_0)
FN:26,(anonymous_1)
FNF:2
FNH:0
FNDA:0,(anonymous_0)
FNDA:0,(anonymous_1)
DA:1,11
DA:2,11
DA:6,0
DA:7,0
DA:8,0
DA:9,0
DA:17,0
DA:18,0
DA:24,0
DA:26,0
DA:32,0
DA:37,11
LF:12
LH:3
BRDA:8,0,0,0
BRDA:8,0,1,0
BRDA:20,1,0,0
BRDA:20,1,1,0
BRDA:21,2,0,0
BRDA:21,2,1,0
BRF:6
BRH:0
end_of_record
TN:
SF:src\controllers\rating.controller.js
FN:7,(anonymous_0)
FN:88,(anonymous_1)
FN:113,(anonymous_2)
FN:125,(anonymous_3)
FN:163,(anonymous_4)
FNF:5
FNH:4
FNDA:3,(anonymous_0)
FNDA:2,(anonymous_1)
FNDA:0,(anonymous_2)
FNDA:2,(anonymous_3)
FNDA:1,(anonymous_4)
DA:1,11
DA:2,11
DA:3,11
DA:4,11
DA:8,3
DA:9,3
DA:10,3
DA:11,0
DA:19,3
DA:20,3
DA:23,3
DA:24,3
DA:25,0
DA:33,3
DA:34,0
DA:35,0
DA:43,0
DA:46,0
DA:47,0
DA:54,0
DA:63,0
DA:66,0
DA:76,0
DA:84,3
DA:89,2
DA:90,2
DA:91,2
DA:92,0
DA:100,2
DA:101,2
DA:103,2
DA:111,0
DA:113,0
DA:121,2
DA:126,2
DA:127,2
DA:128,2
DA:130,2
DA:131,0
DA:132,0
DA:139,0
DA:142,0
DA:145,0
DA:154,0
DA:159,2
DA:164,1
DA:165,1
DA:166,1
DA:168,1
DA:169,0
DA:170,0
DA:177,0
DA:181,1
DA:186,11
LF:54
LH:31
BRDA:10,0,0,0
BRDA:10,0,1,3
BRDA:24,1,0,0
BRDA:24,1,1,3
BRDA:34,2,0,0
BRDA:34,2,1,0
BRDA:46,3,0,0
BRDA:46,3,1,0
BRDA:67,4,0,0
BRDA:67,4,1,0
BRDA:76,5,0,0
BRDA:76,5,1,0
BRDA:77,6,0,0
BRDA:77,6,1,0
BRDA:91,7,0,0
BRDA:91,7,1,2
BRDA:105,8,0,2
BRDA:105,8,1,1
BRDA:106,9,0,2
BRDA:106,9,1,2
BRDA:131,10,0,0
BRDA:131,10,1,0
BRDA:169,11,0,0
BRDA:169,11,1,0
BRF:24
BRH:7
end_of_record
TN:
SF:src\controllers\user.controller.js
FN:6,(anonymous_0)
FN:33,(anonymous_1)
FN:71,(anonymous_2)
FN:83,(anonymous_3)
FN:128,(anonymous_4)
FN:140,(anonymous_5)
FN:155,(anonymous_6)
FN:177,(anonymous_7)
FNF:8
FNH:8
FNDA:1,(anonymous_0)
FNDA:2,(anonymous_1)
FNDA:2,(anonymous_2)
FNDA:6,(anonymous_3)
FNDA:2,(anonymous_4)
FNDA:2,(anonymous_5)
FNDA:2,(anonymous_6)
FNDA:1,(anonymous_7)
DA:1,11
DA:2,11
DA:3,11
DA:7,1
DA:8,1
DA:9,1
DA:10,0
DA:17,1
DA:29,0
DA:34,2
DA:35,2
DA:36,2
DA:37,0
DA:45,2
DA:46,2
DA:49,2
DA:50,1
DA:54,2
DA:55,1
DA:58,2
DA:59,0
DA:62,2
DA:67,0
DA:72,2
DA:73,2
DA:75,2
DA:79,0
DA:84,6
DA:85,6
DA:86,6
DA:87,3
DA:95,3
DA:97,3
DA:98,0
DA:105,3
DA:111,2
DA:119,2
DA:124,1
DA:129,2
DA:130,2
DA:132,2
DA:136,0
DA:141,2
DA:142,2
DA:144,2
DA:146,1
DA:151,1
DA:156,2
DA:157,2
DA:159,2
DA:161,2
DA:162,1
DA:169,1
DA:173,0
DA:178,1
DA:179,1
DA:180,0
DA:184,1
DA:189,11
LF:59
LH:49
BRDA:9,0,0,0
BRDA:9,0,1,1
BRDA:12,1,0,0
BRDA:12,1,1,0
BRDA:36,2,0,0
BRDA:36,2,1,2
BRDA:39,3,0,0
BRDA:39,3,1,0
BRDA:49,4,0,1
BRDA:49,4,1,1
BRDA:54,5,0,1
BRDA:54,5,1,1
BRDA:54,6,0,2
BRDA:54,6,1,1
BRDA:58,7,0,0
BRDA:58,7,1,2
BRDA:63,8,0,2
BRDA:63,8,1,0
BRDA:86,9,0,3
BRDA:86,9,1,3
BRDA:89,10,0,3
BRDA:89,10,1,0
BRDA:97,11,0,0
BRDA:97,11,1,3
BRDA:97,12,0,3
BRDA:97,12,1,3
BRDA:100,13,0,0
BRDA:100,13,1,0
BRDA:107,14,0,3
BRDA:107,14,1,0
BRDA:120,15,0,2
BRDA:120,15,1,0
BRDA:147,16,0,1
BRDA:147,16,1,0
BRDA:161,17,0,1
BRDA:161,17,1,1
BRDA:164,18,0,1
BRDA:164,18,1,0
BRDA:170,19,0,1
BRDA:170,19,1,0
BRF:40
BRH:23
end_of_record
TN:
SF:src\database\migrate.js
FN:15,runMigration
FN:34,runAllMigrations
FN:39,(anonymous_2)
FN:40,(anonymous_3)
FN:61,(anonymous_4)
FN:65,(anonymous_5)
FNF:6
FNH:0
FNDA:0,runMigration
FNDA:0,runAllMigrations
FNDA:0,(anonymous_2)
FNDA:0,(anonymous_3)
FNDA:0,(anonymous_4)
FNDA:0,(anonymous_5)
DA:6,0
DA:7,0
DA:8,0
DA:9,0
DA:10,0
DA:13,0
DA:16,0
DA:18,0
DA:20,0
DA:23,0
DA:25,0
DA:26,0
DA:28,0
DA:29,0
DA:30,0
DA:35,0
DA:38,0
DA:39,0
DA:40,0
DA:42,0
DA:43,0
DA:44,0
DA:47,0
DA:50,0
DA:51,0
DA:52,0
DA:53,0
DA:56,0
DA:60,0
DA:62,0
DA:63,0
DA:66,0
DA:67,0
LF:33
LH:0
BRDA:42,0,0,0
BRDA:42,0,1,0
BRDA:53,1,0,0
BRDA:53,1,1,0
BRF:4
BRH:0
end_of_record
TN:
SF:src\database\setup-db.js
FN:20,setupDatabase
FN:114,(anonymous_1)
FN:167,(anonymous_2)
FN:173,(anonymous_3)
FN:182,(anonymous_4)
FNF:5
FNH:0
FNDA:0,setupDatabase
FNDA:0,(anonymous_1)
FNDA:0,(anonymous_2)
FNDA:0,(anonymous_3)
FNDA:0,(anonymous_4)
DA:6,0
DA:7,0
DA:8,0
DA:9,0
DA:12,0
DA:21,0
DA:23,0
DA:25,0
DA:31,0
DA:32,0
DA:33,0
DA:34,0
DA:36,0
DA:40,0
DA:43,0
DA:52,0
DA:53,0
DA:54,0
DA:56,0
DA:60,0
DA:61,0
DA:62,0
DA:63,0
DA:64,0
DA:65,0
DA:66,0
DA:68,0
DA:69,0
DA:70,0
DA:73,0
DA:74,0
DA:77,0
DA:78,0
DA:82,0
DA:85,0
DA:86,0
DA:95,0
DA:101,0
DA:102,0
DA:107,0
DA:111,0
DA:112,0
DA:113,0
DA:114,0
DA:116,0
DA:120,0
DA:121,0
DA:124,0
DA:126,0
DA:127,0
DA:128,0
DA:130,0
DA:137,0
DA:138,0
DA:142,0
DA:144,0
DA:145,0
DA:147,0
DA:152,0
DA:163,0
DA:165,0
DA:167,0
DA:168,0
DA:173,0
DA:174,0
DA:181,0
DA:183,0
DA:189,0
DA:191,0
DA:192,0
DA:195,0
DA:196,0
DA:197,0
DA:200,0
DA:201,0
DA:202,0
DA:205,0
DA:207,0
DA:209,0
DA:212,0
DA:215,0
DA:221,0
DA:223,0
DA:226,0
DA:227,0
DA:228,0
DA:234,0
DA:236,0
DA:238,0
DA:239,0
DA:244,0
LF:91
LH:0
BRDA:31,0,0,0
BRDA:31,0,1,0
BRDA:60,1,0,0
BRDA:60,1,1,0
BRDA:101,2,0,0
BRDA:101,2,1,0
BRDA:126,3,0,0
BRDA:126,3,1,0
BRDA:165,4,0,0
BRDA:165,4,1,0
BRDA:168,5,0,0
BRDA:168,5,1,0
BRDA:174,6,0,0
BRDA:174,6,1,0
BRDA:174,6,2,0
BRDA:183,7,0,0
BRDA:183,7,1,0
BRDA:183,7,2,0
BRDA:191,8,0,0
BRDA:191,8,1,0
BRDA:200,9,0,0
BRDA:200,9,1,0
BRF:22
BRH:0
end_of_record
TN:
SF:src\middleware\auth.middleware.js
FN:4,(anonymous_0)
FNF:1
FNH:1
FNDA:52,(anonymous_0)
DA:1,11
DA:2,11
DA:4,11
DA:5,52
DA:6,52
DA:7,52
DA:8,6
DA:9,6
DA:16,46
DA:18,46
DA:19,46
DA:22,46
DA:27,46
DA:28,46
DA:30,0
DA:31,0
DA:38,0
DA:39,0
DA:47,11
LF:19
LH:15
BRDA:7,0,0,6
BRDA:7,0,1,46
BRDA:7,1,0,52
BRDA:7,1,1,46
BRDA:11,2,0,6
BRDA:11,2,1,0
BRDA:33,3,0,0
BRDA:33,3,1,0
BRDA:41,4,0,0
BRDA:41,4,1,0
BRF:10
BRH:5
end_of_record
TN:
SF:src\middleware\errorHandler.js
FN:7,(anonymous_0)
FNF:1
FNH:1
FNDA:22,(anonymous_0)
DA:1,11
DA:2,11
DA:7,11
DA:9,22
DA:12,22
DA:13,0
DA:19,0
DA:22,22
DA:23,0
DA:28,0
DA:31,22
DA:32,0
DA:37,0
DA:40,22
DA:41,0
DA:46,0
DA:50,22
DA:56,22
DA:59,11
LF:19
LH:11
BRDA:12,0,0,0
BRDA:12,0,1,22
BRDA:14,1,0,0
BRDA:14,1,1,0
BRDA:22,2,0,0
BRDA:22,2,1,22
BRDA:24,3,0,0
BRDA:24,3,1,0
BRDA:31,4,0,0
BRDA:31,4,1,22
BRDA:33,5,0,0
BRDA:33,5,1,0
BRDA:40,6,0,0
BRDA:40,6,1,22
BRDA:42,7,0,0
BRDA:42,7,1,0
BRDA:51,8,0,22
BRDA:51,8,1,0
BRDA:53,9,0,0
BRDA:53,9,1,22
BRF:20
BRH:6
end_of_record
TN:
SF:src\middleware\i18n.middleware.js
FNF:0
FNH:0
DA:1,11
DA:2,11
DA:3,11
DA:4,11
DA:7,11
DA:29,11
LF:6
LH:6
BRDA:11,0,0,11
BRDA:11,0,1,0
BRF:2
BRH:1
end_of_record
TN:
SF:src\middleware\responseFormatter.js
FN:9,(anonymous_0)
FN:11,(anonymous_1)
FN:21,(anonymous_2)
FNF:3
FNH:3
FNDA:87,(anonymous_0)
FNDA:18,(anonymous_1)
FNDA:13,(anonymous_2)
DA:4,11
DA:9,11
DA:11,87
DA:12,18
DA:17,18
DA:21,87
DA:22,13
DA:28,13
DA:31,87
DA:34,11
LF:10
LH:10
BRDA:11,0,0,0
BRDA:11,1,0,5
BRDA:21,2,0,0
BRF:3
BRH:1
end_of_record
TN:
SF:src\models\event.model.js
FN:4,(anonymous_0)
FN:48,(anonymous_1)
FN:68,(anonymous_2)
FN:139,(anonymous_3)
FN:167,(anonymous_4)
FN:173,(anonymous_5)
FN:222,(anonymous_6)
FN:232,(anonymous_7)
FN:244,(anonymous_8)
FN:258,(anonymous_9)
FN:280,(anonymous_10)
FNF:11
FNH:5
FNDA:5,(anonymous_0)
FNDA:17,(anonymous_1)
FNDA:0,(anonymous_2)
FNDA:0,(anonymous_3)
FNDA:0,(anonymous_4)
FNDA:4,(anonymous_5)
FNDA:2,(anonymous_6)
FNDA:0,(anonymous_7)
FNDA:0,(anonymous_8)
FNDA:0,(anonymous_9)
FNDA:6,(anonymous_10)
DA:1,11
DA:5,5
DA:7,5
DA:8,0
DA:12,5
DA:13,5
DA:14,5
DA:15,0
DA:18,5
DA:32,5
DA:37,5
DA:38,3
DA:39,0
DA:41,3
DA:43,2
DA:44,2
DA:49,17
DA:64,17
DA:65,12
DA:69,0
DA:84,0
DA:85,0
DA:88,0
DA:89,0
DA:94,0
DA:95,0
DA:98,0
DA:105,0
DA:106,0
DA:107,0
DA:108,0
DA:112,0
DA:113,0
DA:114,0
DA:115,0
DA:118,0
DA:119,0
DA:120,0
DA:121,0
DA:125,0
DA:126,0
DA:128,0
DA:132,0
DA:133,0
DA:135,0
DA:136,0
DA:140,0
DA:158,0
DA:163,0
DA:164,0
DA:168,0
DA:169,0
DA:170,0
DA:174,4
DA:176,4
DA:182,4
DA:183,4
DA:184,0
DA:187,4
DA:190,4
DA:192,0
DA:196,4
DA:200,4
DA:201,4
DA:202,0
DA:206,4
DA:211,4
DA:212,0
DA:213,0
DA:215,0
DA:217,4
DA:218,4
DA:223,2
DA:228,2
DA:229,2
DA:233,0
DA:240,0
DA:241,0
DA:245,0
DA:254,0
DA:255,0
DA:259,0
DA:270,0
DA:271,0
DA:281,6
DA:282,6
DA:283,5
DA:285,1
DA:286,1
DA:291,11
LF:90
LH:38
BRDA:7,0,0,0
BRDA:7,0,1,5
BRDA:7,1,0,5
BRDA:7,1,1,5
BRDA:7,1,2,5
BRDA:7,1,3,5
BRDA:7,1,4,5
BRDA:7,1,5,5
BRDA:7,1,6,5
BRDA:7,1,7,5
BRDA:7,1,8,5
BRDA:14,2,0,0
BRDA:14,2,1,5
BRDA:14,3,0,5
BRDA:14,3,1,5
BRDA:14,3,2,5
BRDA:14,3,3,5
BRDA:14,3,4,5
BRDA:14,3,5,5
BRDA:38,4,0,0
BRDA:38,4,1,3
BRDA:68,5,0,0
BRDA:68,6,0,0
BRDA:68,7,0,0
BRDA:88,8,0,0
BRDA:88,8,1,0
BRDA:88,9,0,0
BRDA:88,9,1,0
BRDA:88,9,2,0
BRDA:105,10,0,0
BRDA:105,10,1,0
BRDA:112,11,0,0
BRDA:112,11,1,0
BRDA:118,12,0,0
BRDA:118,12,1,0
BRDA:125,13,0,0
BRDA:125,13,1,0
BRDA:125,14,0,0
BRDA:125,14,1,0
BRDA:125,14,2,0
BRDA:183,15,0,0
BRDA:183,15,1,4
BRDA:190,16,0,0
BRDA:190,16,1,4
BRDA:190,17,0,4
BRDA:190,17,1,4
BRDA:201,18,0,0
BRDA:201,18,1,4
BRDA:212,19,0,0
BRDA:212,19,1,0
BRF:50
BRH:23
end_of_record
TN:
SF:src\models\rating.model.js
FN:4,(anonymous_0)
FN:14,(anonymous_1)
FN:25,(anonymous_2)
FN:41,(anonymous_3)
FN:58,(anonymous_4)
FN:68,(anonymous_5)
FN:78,(anonymous_6)
FNF:7
FNH:0
FNDA:0,(anonymous_0)
FNDA:0,(anonymous_1)
FNDA:0,(anonymous_2)
FNDA:0,(anonymous_3)
FNDA:0,(anonymous_4)
FNDA:0,(anonymous_5)
FNDA:0,(anonymous_6)
DA:1,11
DA:5,0
DA:10,0
DA:11,0
DA:15,0
DA:21,0
DA:22,0
DA:26,0
DA:37,0
DA:38,0
DA:42,0
DA:54,0
DA:55,0
DA:59,0
DA:64,0
DA:65,0
DA:69,0
DA:74,0
DA:75,0
DA:79,0
DA:84,0
DA:85,0
LF:22
LH:1
BRDA:25,0,0,0
BRDA:25,1,0,0
BRF:2
BRH:0
end_of_record
TN:
SF:src\models\user.model.js
FN:9,(anonymous_0)
FN:41,(anonymous_1)
FN:84,(anonymous_2)
FN:97,(anonymous_3)
FN:110,(anonymous_4)
FN:125,(anonymous_5)
FN:139,(anonymous_6)
FN:166,(anonymous_7)
FN:207,(anonymous_8)
FN:237,(anonymous_9)
FN:256,(anonymous_10)
FN:266,(anonymous_11)
FN:298,(anonymous_12)
FN:306,(anonymous_13)
FNF:14
FNH:11
FNDA:15,(anonymous_0)
FNDA:72,(anonymous_1)
FNDA:0,(anonymous_2)
FNDA:1,(anonymous_3)
FNDA:1,(anonymous_4)
FNDA:1,(anonymous_5)
FNDA:4,(anonymous_6)
FNDA:3,(anonymous_7)
FNDA:2,(anonymous_8)
FNDA:2,(anonymous_9)
FNDA:2,(anonymous_10)
FNDA:1,(anonymous_11)
FNDA:0,(anonymous_12)
FNDA:0,(anonymous_13)
DA:1,11
DA:2,11
DA:3,11
DA:6,11
DA:10,15
DA:13,15
DA:20,15
DA:22,15
DA:25,12
DA:27,12
DA:33,12
DA:35,12
DA:41,72
DA:44,12
DA:46,12
DA:53,0
DA:62,12
DA:68,12
DA:70,12
DA:77,2
DA:81,12
DA:85,0
DA:93,0
DA:94,0
DA:98,1
DA:106,1
DA:107,1
DA:111,1
DA:121,1
DA:122,1
DA:126,1
DA:135,1
DA:136,1
DA:141,4
DA:146,4
DA:147,4
DA:152,4
DA:158,4
DA:160,4
DA:167,3
DA:169,3
DA:170,3
DA:172,3
DA:174,2
DA:179,2
DA:182,1
DA:186,1
DA:190,2
DA:193,2
DA:194,5
DA:201,2
DA:203,1
DA:210,2
DA:211,2
DA:223,0
DA:233,2
DA:234,2
DA:239,2
DA:240,2
DA:242,2
DA:243,1
DA:246,1
DA:252,1
DA:253,1
DA:257,2
DA:262,2
DA:263,2
DA:269,1
DA:270,1
DA:283,0
DA:294,1
DA:295,0
DA:299,0
DA:307,0
DA:311,11
LF:75
LH:66
BRDA:20,0,0,15
BRDA:20,0,1,2
BRDA:33,1,0,12
BRDA:33,1,1,0
BRDA:44,2,0,12
BRDA:44,2,1,0
BRDA:68,3,0,12
BRDA:68,3,1,0
BRDA:147,4,0,4
BRDA:147,4,1,0
BRDA:172,5,0,2
BRDA:172,5,1,1
BRDA:210,6,0,2
BRDA:210,6,1,0
BRDA:242,7,0,1
BRDA:242,7,1,1
BRDA:269,8,0,1
BRDA:269,8,1,0
BRF:18
BRH:12
end_of_record
TN:
SF:src\routes\auth.routes.js
FNF:0
FNH:0
DA:1,11
DA:2,11
DA:3,11
DA:4,11
DA:6,11
DA:9,11
DA:18,11
DA:23,11
DA:29,11
DA:30,11
DA:31,11
DA:33,11
LF:12
LH:12
BRF:0
BRH:0
end_of_record
TN:
SF:src\routes\event.routes.js
FN:16,(anonymous_0)
FN:33,(anonymous_1)
FNF:2
FNH:1
FNDA:8,(anonymous_0)
FNDA:0,(anonymous_1)
DA:1,11
DA:2,11
DA:3,11
DA:4,11
DA:5,11
DA:7,11
DA:10,11
DA:17,8
DA:18,0
DA:20,8
DA:27,11
DA:34,0
DA:35,0
DA:37,0
DA:44,11
DA:56,11
DA:57,11
DA:58,11
DA:59,11
DA:60,11
DA:61,11
DA:62,11
DA:65,11
DA:67,11
LF:24
LH:20
BRDA:17,0,0,0
BRDA:17,0,1,8
BRDA:34,1,0,0
BRDA:34,1,1,0
BRDA:34,2,0,0
BRDA:34,2,1,0
BRF:6
BRH:1
end_of_record
TN:
SF:src\routes\favorites.routes.js
FNF:0
FNH:0
DA:1,11
DA:2,11
DA:3,11
DA:4,11
DA:6,11
DA:9,11
DA:14,11
DA:15,11
DA:16,11
DA:18,11
LF:10
LH:10
BRF:0
BRH:0
end_of_record
TN:
SF:src\routes\notification.routes.js
FNF:0
FNH:0
DA:1,11
DA:2,11
DA:3,11
DA:4,11
DA:6,11
DA:9,11
DA:15,11
DA:17,11
LF:8
LH:8
BRF:0
BRH:0
end_of_record
TN:
SF:src\routes\rating.routes.js
FNF:0
FNH:0
DA:1,11
DA:2,11
DA:3,11
DA:4,11
DA:6,11
DA:9,11
DA:14,11
DA:20,11
DA:21,11
DA:22,11
DA:23,11
DA:25,11
LF:12
LH:12
BRF:0
BRH:0
end_of_record
TN:
SF:src\routes\user.routes.js
FNF:0
FNH:0
DA:1,11
DA:2,11
DA:3,11
DA:4,11
DA:6,11
DA:9,11
DA:16,11
DA:23,11
DA:24,11
DA:27,11
DA:28,11
DA:31,11
DA:32,11
DA:33,11
DA:34,11
DA:36,11
LF:16
LH:16
BRF:0
BRH:0
end_of_record
TN:
SF:src\services\notification.service.js
FN:6,(anonymous_0)
FN:97,(anonymous_1)
FN:104,(anonymous_2)
FN:120,(anonymous_3)
FN:140,(anonymous_4)
FN:201,(anonymous_5)
FN:208,(anonymous_6)
FN:215,(anonymous_7)
FNF:8
FNH:0
FNDA:0,(anonymous_0)
FNDA:0,(anonymous_1)
FNDA:0,(anonymous_2)
FNDA:0,(anonymous_3)
FNDA:0,(anonymous_4)
FNDA:0,(anonymous_5)
FNDA:0,(anonymous_6)
FNDA:0,(anonymous_7)
DA:1,11
DA:2,11
DA:3,11
DA:7,0
DA:8,0
DA:11,0
DA:58,0
DA:59,0
DA:62,0
DA:63,0
DA:79,0
DA:80,0
DA:83,0
DA:90,0
DA:92,0
DA:93,0
DA:98,0
DA:99,0
DA:101,0
DA:104,0
DA:105,0
DA:106,0
DA:107,0
DA:109,0
DA:110,0
DA:111,0
DA:112,0
DA:115,0
DA:120,0
DA:121,0
DA:122,0
DA:123,0
DA:125,0
DA:126,0
DA:129,0
DA:133,0
DA:135,0
DA:136,0
DA:141,0
DA:142,0
DA:145,0
DA:167,0
DA:173,0
DA:176,0
DA:177,0
DA:190,0
DA:191,0
DA:194,0
DA:196,0
DA:197,0
DA:204,0
DA:205,0
DA:211,0
DA:212,0
DA:216,0
DA:237,0
DA:238,0
DA:242,11
LF:58
LH:4
BRDA:73,0,0,0
BRDA:73,0,1,0
BRDA:109,1,0,0
BRDA:109,1,1,0
BRDA:111,2,0,0
BRDA:111,2,1,0
BRDA:125,3,0,0
BRDA:125,3,1,0
BRDA:215,4,0,0
BRDA:215,5,0,0
BRF:10
BRH:0
end_of_record
TN:
SF:src\swagger\auth.js
FNF:0
FNH:0
LF:0
LH:0
BRF:0
BRH:0
end_of_record
TN:
SF:src\swagger\events.js
FNF:0
FNH:0
LF:0
LH:0
BRF:0
BRH:0
end_of_record
TN:
SF:src\swagger\models.js
FNF:0
FNH:0
LF:0
LH:0
BRF:0
BRH:0
end_of_record
TN:
SF:src\swagger\notifications.js
FNF:0
FNH:0
LF:0
LH:0
BRF:0
BRH:0
end_of_record
TN:
SF:src\swagger\ratings.js
FNF:0
FNH:0
LF:0
LH:0
BRF:0
BRH:0
end_of_record
TN:
SF:src\utils\apiResponse.js
FN:13,(anonymous_0)
FN:29,(anonymous_1)
FNF:2
FNH:2
FNDA:18,(anonymous_0)
FNDA:35,(anonymous_1)
DA:13,18
DA:29,35
DA:39,11
LF:3
LH:3
BRDA:13,0,0,0
BRDA:13,1,0,0
BRDA:29,2,0,0
BRDA:34,3,0,35
BRDA:34,3,1,1
BRF:5
BRH:2
end_of_record
TN:
SF:src\workers\notification.worker.js
FN:4,runNotificationWorker
FNF:1
FNH:0
FNDA:0,runNotificationWorker
DA:1,0
DA:2,0
DA:5,0
DA:6,0
DA:7,0
DA:8,0
DA:10,0
DA:15,0
DA:17,0
DA:18,0
DA:20,0
DA:22,0
LF:12
LH:0
BRDA:17,0,0,0
BRDA:17,0,1,0
BRF:2
BRH:0
end_of_record
